<?xml version="1.0" encoding="UTF-8"?>
<!-- Generated by org.testng.reporters.JUnitXMLReporter -->
<testsuite hostname="ubuntu-Inspiron" ignored="152" name="DialerDelay" tests="1" failures="0" timestamp="2021-12-24T20:40:50 IST" time="127.434" errors="0">
  <testcase name="DialerDelay" time="103.733" classname="testcases.UploadAndDownload"/>
  <testcase name="Zwave" time="0.0" classname="testcases.UploadAndDownload">
    <ignored/>
  </testcase> <!-- Zwave -->
  <testcase name="SecurityPage" time="0.0" classname="testcases.UploadAndDownload">
    <ignored/>
  </testcase> <!-- SecurityPage -->
  <testcase name="EntryDelay" time="0.0" classname="testcases.UploadAndDownload">
    <ignored/>
  </testcase> <!-- EntryDelay -->
  <testcase name="StreamLiveVideoCamerastoIQRemote" time="0.0" classname="testcases.UploadAndDownload">
    <ignored/>
  </testcase> <!-- StreamLiveVideoCamerastoIQRemote -->
  <testcase name="SecureArming" time="0.0" classname="testcases.UploadAndDownload">
    <ignored/>
  </testcase> <!-- SecureArming -->
  <testcase name="SirenTimeout" time="0.0" classname="testcases.UploadAndDownload">
    <ignored/>
  </testcase> <!-- SirenTimeout -->
  <testcase name="AllVoicePrompts" time="0.0" classname="testcases.UploadAndDownload">
    <ignored/>
  </testcase> <!-- AllVoicePrompts -->
  <testcase name="WizDealerStep" time="0.0" classname="testcases.UploadAndDownload">
    <ignored/>
  </testcase> <!-- WizDealerStep -->
  <testcase name="WizBluetoothDevicesStep" time="0.0" classname="testcases.UploadAndDownload">
    <ignored/>
  </testcase> <!-- WizBluetoothDevicesStep -->
  <testcase name="RemoteZWaveVoicePrompts" time="0.0" classname="testcases.UploadAndDownload">
    <ignored/>
  </testcase> <!-- RemoteZWaveVoicePrompts -->
  <testcase name="WizUsersStep" time="0.0" classname="testcases.UploadAndDownload">
    <ignored/>
  </testcase> <!-- WizUsersStep -->
  <testcase name="AutoExitTimeExtension" time="0.0" classname="testcases.UploadAndDownload">
    <ignored/>
  </testcase> <!-- AutoExitTimeExtension -->
  <testcase name="BluetoothDisarm" time="0.0" classname="testcases.UploadAndDownload">
    <ignored/>
  </testcase> <!-- BluetoothDisarm -->
  <testcase name="SevereWeatherSirenWarning" time="0.0" classname="testcases.UploadAndDownload">
    <ignored/>
  </testcase> <!-- SevereWeatherSirenWarning -->
  <testcase name="NoiseDetectorDuration" time="0.0" classname="testcases.UploadAndDownload">
    <ignored/>
  </testcase> <!-- NoiseDetectorDuration -->
  <testcase name="AccountNumber" time="0.0" classname="testcases.UploadAndDownload">
    <ignored/>
  </testcase> <!-- AccountNumber -->
  <testcase name="MasterUserAddSensors" time="0.0" classname="testcases.UploadAndDownload">
    <ignored/>
  </testcase> <!-- MasterUserAddSensors -->
  <testcase name="Shuffle" time="0.0" classname="testcases.UploadAndDownload">
    <ignored/>
  </testcase> <!-- Shuffle -->
  <testcase name="SupervisoryNonEmerg" time="0.0" classname="testcases.UploadAndDownload">
    <ignored/>
  </testcase> <!-- SupervisoryNonEmerg -->
  <testcase name="DisplayType" time="0.0" classname="testcases.UploadAndDownload">
    <ignored/>
  </testcase> <!-- DisplayType -->
  <testcase name="ULCCommercialPowerRestoration" time="0.0" classname="testcases.UploadAndDownload">
    <ignored/>
  </testcase> <!-- ULCCommercialPowerRestoration -->
  <testcase name="VoicesVolume" time="0.0" classname="testcases.UploadAndDownload">
    <ignored/>
  </testcase> <!-- VoicesVolume -->
  <testcase name="AutoStay" time="0.0" classname="testcases.UploadAndDownload">
    <ignored/>
  </testcase> <!-- AutoStay -->
  <testcase name="AutoBypass" time="0.0" classname="testcases.UploadAndDownload">
    <ignored/>
  </testcase> <!-- AutoBypass -->
  <testcase name="ExitBeeps" time="0.0" classname="testcases.UploadAndDownload">
    <ignored/>
  </testcase> <!-- ExitBeeps -->
  <testcase name="AllowKeyfobAlarmDisarm" time="0.0" classname="testcases.UploadAndDownload">
    <ignored/>
  </testcase> <!-- AllowKeyfobAlarmDisarm -->
  <testcase name="PowerGRFJam" time="0.0" classname="testcases.UploadAndDownload">
    <ignored/>
  </testcase> <!-- PowerGRFJam -->
  <testcase name="DimmerDevices" time="0.0" classname="testcases.UploadAndDownload">
    <ignored/>
  </testcase> <!-- DimmerDevices -->
  <testcase name="Digit6UserCodes" time="0.0" classname="testcases.UploadAndDownload">
    <ignored/>
  </testcase> <!-- Digit6UserCodes -->
  <testcase name="SensorChimes" time="0.0" classname="testcases.UploadAndDownload">
    <ignored/>
  </testcase> <!-- SensorChimes -->
  <testcase name="GarageDoorDeviceLimit" time="0.0" classname="testcases.UploadAndDownload">
    <ignored/>
  </testcase> <!-- GarageDoorDeviceLimit -->
  <testcase name="BluetoothDisarmTimeout" time="0.0" classname="testcases.UploadAndDownload">
    <ignored/>
  </testcase> <!-- BluetoothDisarmTimeout -->
  <testcase name="SafetySensorSounds" time="0.0" classname="testcases.UploadAndDownload">
    <ignored/>
  </testcase> <!-- SafetySensorSounds -->
  <testcase name="ThermostatDevice" time="0.0" classname="testcases.UploadAndDownload">
    <ignored/>
  </testcase> <!-- ThermostatDevice -->
  <testcase name="BackgroundDownloadforUpdates" time="0.0" classname="testcases.UploadAndDownload">
    <ignored/>
  </testcase> <!-- BackgroundDownloadforUpdates -->
  <testcase name="FontSize" time="0.0" classname="testcases.UploadAndDownload">
    <ignored/>
  </testcase> <!-- FontSize -->
  <testcase name="Duration" time="0.0" classname="testcases.UploadAndDownload">
    <ignored/>
  </testcase> <!-- Duration -->
  <testcase name="IQRemoteResetAuthentication" time="0.0" classname="testcases.UploadAndDownload">
    <ignored/>
  </testcase> <!-- IQRemoteResetAuthentication -->
  <testcase name="NightTimeModeSetting" time="0.0" classname="testcases.UploadAndDownload">
    <ignored/>
  </testcase> <!-- NightTimeModeSetting -->
  <testcase name="AlarmPhotos" time="0.0" classname="testcases.UploadAndDownload">
    <ignored/>
  </testcase> <!-- AlarmPhotos -->
  <testcase name="ManageMyHome" time="0.0" classname="testcases.UploadAndDownload">
    <ignored/>
  </testcase> <!-- ManageMyHome -->
  <testcase name="PanelCamera" time="0.0" classname="testcases.UploadAndDownload">
    <ignored/>
  </testcase> <!-- PanelCamera -->
  <testcase name="AllTroubleBeeps" time="0.0" classname="testcases.UploadAndDownload">
    <ignored/>
  </testcase> <!-- AllTroubleBeeps -->
  <testcase name="CheckInCheckOut" time="0.0" classname="testcases.UploadAndDownload">
    <ignored/>
  </testcase> <!-- CheckInCheckOut -->
  <testcase name="AmbientNoiseDetectiondBThreshold" time="0.0" classname="testcases.UploadAndDownload">
    <ignored/>
  </testcase> <!-- AmbientNoiseDetectiondBThreshold -->
  <testcase name="KeyfobDisarming" time="0.0" classname="testcases.UploadAndDownload">
    <ignored/>
  </testcase> <!-- KeyfobDisarming -->
  <testcase name="SIAPowerRestoration" time="0.0" classname="testcases.UploadAndDownload">
    <ignored/>
  </testcase> <!-- SIAPowerRestoration -->
  <testcase name="LowBatteryArming" time="0.0" classname="testcases.UploadAndDownload">
    <ignored/>
  </testcase> <!-- LowBatteryArming -->
  <testcase name="SupervisoryEmergency" time="0.0" classname="testcases.UploadAndDownload">
    <ignored/>
  </testcase> <!-- SupervisoryEmergency -->
  <testcase name="RFJamDetection" time="0.0" classname="testcases.UploadAndDownload">
    <ignored/>
  </testcase> <!-- RFJamDetection -->
  <testcase name="WizPanelGlassBreakStep" time="0.0" classname="testcases.UploadAndDownload">
    <ignored/>
  </testcase> <!-- WizPanelGlassBreakStep -->
  <testcase name="Nightmodeend" time="0.0" classname="testcases.UploadAndDownload">
    <ignored/>
  </testcase> <!-- Nightmodeend -->
  <testcase name="UseCommercialSensorandDeviceNames" time="0.0" classname="testcases.UploadAndDownload">
    <ignored/>
  </testcase> <!-- UseCommercialSensorandDeviceNames -->
  <testcase name="AlarmVideos" time="0.0" classname="testcases.UploadAndDownload">
    <ignored/>
  </testcase> <!-- AlarmVideos -->
  <testcase name="LockDevices" time="0.0" classname="testcases.UploadAndDownload">
    <ignored/>
  </testcase> <!-- LockDevices -->
  <testcase name="LogLevel" time="0.0" classname="testcases.UploadAndDownload">
    <ignored/>
  </testcase> <!-- LogLevel -->
  <testcase name="AllSoundsinPartition1" time="0.0" classname="testcases.UploadAndDownload">
    <ignored/>
  </testcase> <!-- AllSoundsinPartition1 -->
  <testcase name="Panelcommunicationtestfrequency" time="0.0" classname="testcases.UploadAndDownload">
    <ignored/>
  </testcase> <!-- Panelcommunicationtestfrequency -->
  <testcase name="BurglaryAlarmConfirmationTimer_minutes" time="0.0" classname="testcases.UploadAndDownload">
    <ignored/>
  </testcase> <!-- BurglaryAlarmConfirmationTimer_minutes -->
  <testcase name="PhotoFrameStartTime" time="0.0" classname="testcases.UploadAndDownload">
    <ignored/>
  </testcase> <!-- PhotoFrameStartTime -->
  <testcase name="ZWavePrimaryController" time="0.0" classname="testcases.UploadAndDownload">
    <ignored/>
  </testcase> <!-- ZWavePrimaryController -->
  <testcase name="LockScreen" time="0.0" classname="testcases.UploadAndDownload">
    <ignored/>
  </testcase> <!-- LockScreen -->
  <testcase name="Brightness" time="0.0" classname="testcases.UploadAndDownload">
    <ignored/>
  </testcase> <!-- Brightness -->
  <testcase name="PanelWiFiConnectivityWarningPrompts" time="0.0" classname="testcases.UploadAndDownload">
    <ignored/>
  </testcase> <!-- PanelWiFiConnectivityWarningPrompts -->
  <testcase name="PanelSiren" time="0.0" classname="testcases.UploadAndDownload">
    <ignored/>
  </testcase> <!-- PanelSiren -->
  <testcase name="TouchSounds" time="0.0" classname="testcases.UploadAndDownload">
    <ignored/>
  </testcase> <!-- TouchSounds -->
  <testcase name="SoftwareUpdateCheckInterval" time="0.0" classname="testcases.UploadAndDownload">
    <ignored/>
  </testcase> <!-- SoftwareUpdateCheckInterval -->
  <testcase name="GlobalFireSiren" time="0.0" classname="testcases.UploadAndDownload">
    <ignored/>
  </testcase> <!-- GlobalFireSiren -->
  <testcase name="SirenAnnunciation" time="0.0" classname="testcases.UploadAndDownload">
    <ignored/>
  </testcase> <!-- SirenAnnunciation -->
  <testcase name="GlobalChimesandVoices" time="0.0" classname="testcases.UploadAndDownload">
    <ignored/>
  </testcase> <!-- GlobalChimesandVoices -->
  <testcase name="MasterCodeZwave" time="0.0" classname="testcases.UploadAndDownload">
    <ignored/>
  </testcase> <!-- MasterCodeZwave -->
  <testcase name="PanelVoicePrompts" time="0.0" classname="testcases.UploadAndDownload">
    <ignored/>
  </testcase> <!-- PanelVoicePrompts -->
  <testcase name="DisarmPhotos" time="0.0" classname="testcases.UploadAndDownload">
    <ignored/>
  </testcase> <!-- DisarmPhotos -->
  <testcase name="WizSoftwareUpdateStep" time="0.0" classname="testcases.UploadAndDownload">
    <ignored/>
  </testcase> <!-- WizSoftwareUpdateStep -->
  <testcase name="UKFinalExitDoorArming" time="0.0" classname="testcases.UploadAndDownload">
    <ignored/>
  </testcase> <!-- UKFinalExitDoorArming -->
  <testcase name="Auxiliarypanic" time="0.0" classname="testcases.UploadAndDownload">
    <ignored/>
  </testcase> <!-- Auxiliarypanic -->
  <testcase name="WizZWaveDevicesStep" time="0.0" classname="testcases.UploadAndDownload">
    <ignored/>
  </testcase> <!-- WizZWaveDevicesStep -->
  <testcase name="SafetySensorChimes" time="0.0" classname="testcases.UploadAndDownload">
    <ignored/>
  </testcase> <!-- SafetySensorChimes -->
  <testcase name="SensorAutoLearnOpenCloseReports" time="0.0" classname="testcases.UploadAndDownload">
    <ignored/>
  </testcase> <!-- SensorAutoLearnOpenCloseReports -->
  <testcase name="PanelGlassBreakSensor" time="0.0" classname="testcases.UploadAndDownload">
    <ignored/>
  </testcase> <!-- PanelGlassBreakSensor -->
  <testcase name="TroubleBeepsTimeout" time="0.0" classname="testcases.UploadAndDownload">
    <ignored/>
  </testcase> <!-- TroubleBeepsTimeout -->
  <testcase name="TimeFormat" time="0.0" classname="testcases.UploadAndDownload">
    <ignored/>
  </testcase> <!-- TimeFormat -->
  <testcase name="MediaVolume" time="0.0" classname="testcases.UploadAndDownload">
    <ignored/>
  </testcase> <!-- MediaVolume -->
  <testcase name="NoDelay" time="0.0" classname="testcases.UploadAndDownload">
    <ignored/>
  </testcase> <!-- NoDelay -->
  <testcase name="WizSensorTestStep" time="0.0" classname="testcases.UploadAndDownload">
    <ignored/>
  </testcase> <!-- WizSensorTestStep -->
  <testcase name="NoiseDetectorPopup" time="0.0" classname="testcases.UploadAndDownload">
    <ignored/>
  </testcase> <!-- NoiseDetectorPopup -->
  <testcase name="PanelTamperBeeps" time="0.0" classname="testcases.UploadAndDownload">
    <ignored/>
  </testcase> <!-- PanelTamperBeeps -->
  <testcase name="SensorTamperTroubleBeeps" time="0.0" classname="testcases.UploadAndDownload">
    <ignored/>
  </testcase> <!-- SensorTamperTroubleBeeps -->
  <testcase name="MastercodeZwaveManagement" time="0.0" classname="testcases.UploadAndDownload">
    <ignored/>
  </testcase> <!-- MastercodeZwaveManagement -->
  <testcase name="SensorLowBatteryBeeps" time="0.0" classname="testcases.UploadAndDownload">
    <ignored/>
  </testcase> <!-- SensorLowBatteryBeeps -->
  <testcase name="Bluetooth" time="0.0" classname="testcases.UploadAndDownload">
    <ignored/>
  </testcase> <!-- Bluetooth -->
  <testcase name="EngineersReset" time="0.0" classname="testcases.UploadAndDownload">
    <ignored/>
  </testcase> <!-- EngineersReset -->
  <testcase name="WaterFreezeSiren" time="0.0" classname="testcases.UploadAndDownload">
    <ignored/>
  </testcase> <!-- WaterFreezeSiren -->
  <testcase name="GlobalAuxiliarySirens" time="0.0" classname="testcases.UploadAndDownload">
    <ignored/>
  </testcase> <!-- GlobalAuxiliarySirens -->
  <testcase name="PowerGSmokeDetectorSiren" time="0.0" classname="testcases.UploadAndDownload">
    <ignored/>
  </testcase> <!-- PowerGSmokeDetectorSiren -->
  <testcase name="PanelChimes" time="0.0" classname="testcases.UploadAndDownload">
    <ignored/>
  </testcase> <!-- PanelChimes -->
  <testcase name="Partitions" time="0.0" classname="testcases.UploadAndDownload">
    <ignored/>
  </testcase> <!-- Partitions -->
  <testcase name="EUEventSwingerShutdownCount" time="0.0" classname="testcases.UploadAndDownload">
    <ignored/>
  </testcase> <!-- EUEventSwingerShutdownCount -->
  <testcase name="WellnessSupport" time="0.0" classname="testcases.UploadAndDownload">
    <ignored/>
  </testcase> <!-- WellnessSupport -->
  <testcase name="Language" time="0.0" classname="testcases.UploadAndDownload">
    <ignored/>
  </testcase> <!-- Language -->
  <testcase name="DownloadMobileAppStep" time="0.0" classname="testcases.UploadAndDownload">
    <ignored/>
  </testcase> <!-- DownloadMobileAppStep -->
  <testcase name="SensorVoicePrompts" time="0.0" classname="testcases.UploadAndDownload">
    <ignored/>
  </testcase> <!-- SensorVoicePrompts -->
  <testcase name="AutoCommunicationTestStartTime" time="0.0" classname="testcases.UploadAndDownload">
    <ignored/>
  </testcase> <!-- AutoCommunicationTestStartTime -->
  <testcase name="PowerGLossofSupervisoryforEmergencySensors" time="0.0" classname="testcases.UploadAndDownload">
    <ignored/>
  </testcase> <!-- PowerGLossofSupervisoryforEmergencySensors -->
  <testcase name="RFJamSensitivityLevel" time="0.0" classname="testcases.UploadAndDownload">
    <ignored/>
  </testcase> <!-- RFJamSensitivityLevel -->
  <testcase name="Temperature" time="0.0" classname="testcases.UploadAndDownload">
    <ignored/>
  </testcase> <!-- Temperature -->
  <testcase name="LongExitDelay" time="0.0" classname="testcases.UploadAndDownload">
    <ignored/>
  </testcase> <!-- LongExitDelay -->
  <testcase name="PanelTamperTroubleBeep" time="0.0" classname="testcases.UploadAndDownload">
    <ignored/>
  </testcase> <!-- PanelTamperTroubleBeep -->
  <testcase name="FireandLifeSafetyDeviceTroubleBeeps" time="0.0" classname="testcases.UploadAndDownload">
    <ignored/>
  </testcase> <!-- FireandLifeSafetyDeviceTroubleBeeps -->
  <testcase name="SecureDeleteImages" time="0.0" classname="testcases.UploadAndDownload">
    <ignored/>
  </testcase> <!-- SecureDeleteImages -->
  <testcase name="PanelAmbientNoiseDetector_BETA" time="0.0" classname="testcases.UploadAndDownload">
    <ignored/>
  </testcase> <!-- PanelAmbientNoiseDetector_BETA -->
  <testcase name="MastercodeSecurityandArming" time="0.0" classname="testcases.UploadAndDownload">
    <ignored/>
  </testcase> <!-- MastercodeSecurityandArming -->
  <testcase name="LongEntryDelay" time="0.0" classname="testcases.UploadAndDownload">
    <ignored/>
  </testcase> <!-- LongEntryDelay -->
  <testcase name="LocalZWaveVoicePrompts" time="0.0" classname="testcases.UploadAndDownload">
    <ignored/>
  </testcase> <!-- LocalZWaveVoicePrompts -->
  <testcase name="PanelGlassBreakSensorSensitivity" time="0.0" classname="testcases.UploadAndDownload">
    <ignored/>
  </testcase> <!-- PanelGlassBreakSensorSensitivity -->
  <testcase name="Policepanic" time="0.0" classname="testcases.UploadAndDownload">
    <ignored/>
  </testcase> <!-- Policepanic -->
  <testcase name="MastercodeCameraSettings" time="0.0" classname="testcases.UploadAndDownload">
    <ignored/>
  </testcase> <!-- MastercodeCameraSettings -->
  <testcase name="MastercodeSirenAndAlarm" time="0.0" classname="testcases.UploadAndDownload">
    <ignored/>
  </testcase> <!-- MastercodeSirenAndAlarm -->
  <testcase name="WellnessPage" time="0.0" classname="testcases.UploadAndDownload">
    <ignored/>
  </testcase> <!-- WellnessPage -->
  <testcase name="Nightmodestart" time="0.0" classname="testcases.UploadAndDownload">
    <ignored/>
  </testcase> <!-- Nightmodestart -->
  <testcase name="FireVerification" time="0.0" classname="testcases.UploadAndDownload">
    <ignored/>
  </testcase> <!-- FireVerification -->
  <testcase name="OtherZWaveDeviceLimit" time="0.0" classname="testcases.UploadAndDownload">
    <ignored/>
  </testcase> <!-- OtherZWaveDeviceLimit -->
  <testcase name="KeyfobArming" time="0.0" classname="testcases.UploadAndDownload">
    <ignored/>
  </testcase> <!-- KeyfobArming -->
  <testcase name="Firepanic" time="0.0" classname="testcases.UploadAndDownload">
    <ignored/>
  </testcase> <!-- Firepanic -->
  <testcase name="ExitDelay" time="0.0" classname="testcases.UploadAndDownload">
    <ignored/>
  </testcase> <!-- ExitDelay -->
  <testcase name="SwingerShutdownTripCount" time="0.0" classname="testcases.UploadAndDownload">
    <ignored/>
  </testcase> <!-- SwingerShutdownTripCount -->
  <testcase name="SensorLowBatteryTroubleBeep" time="0.0" classname="testcases.UploadAndDownload">
    <ignored/>
  </testcase> <!-- SensorLowBatteryTroubleBeep -->
  <testcase name="WizIQRemoteStep" time="0.0" classname="testcases.UploadAndDownload">
    <ignored/>
  </testcase> <!-- WizIQRemoteStep -->
  <testcase name="BurglaryAlarmConfirmation" time="0.0" classname="testcases.UploadAndDownload">
    <ignored/>
  </testcase> <!-- BurglaryAlarmConfirmation -->
  <testcase name="AllChimes" time="0.0" classname="testcases.UploadAndDownload">
    <ignored/>
  </testcase> <!-- AllChimes -->
  <testcase name="SIALimits" time="0.0" classname="testcases.UploadAndDownload">
    <ignored/>
  </testcase> <!-- SIALimits -->
  <testcase name="panelCameraMotionDetector" time="0.0" classname="testcases.UploadAndDownload">
    <ignored/>
  </testcase> <!-- panelCameraMotionDetector -->
  <testcase name="SecondPreferredLanguage" time="0.0" classname="testcases.UploadAndDownload">
    <ignored/>
  </testcase> <!-- SecondPreferredLanguage -->
  <testcase name="WizSecuritySensorSetupType" time="0.0" classname="testcases.UploadAndDownload">
    <ignored/>
  </testcase> <!-- WizSecuritySensorSetupType -->
  <testcase name="RFJamDetectionAlarm" time="0.0" classname="testcases.UploadAndDownload">
    <ignored/>
  </testcase> <!-- RFJamDetectionAlarm -->
  <testcase name="WizSecuritySensorsStep" time="0.0" classname="testcases.UploadAndDownload">
    <ignored/>
  </testcase> <!-- WizSecuritySensorsStep -->
  <testcase name="TransitionEffect" time="0.0" classname="testcases.UploadAndDownload">
    <ignored/>
  </testcase> <!-- TransitionEffect -->
  <testcase name="InstallerAccessRequiresUserPermission" time="0.0" classname="testcases.UploadAndDownload">
    <ignored/>
  </testcase> <!-- InstallerAccessRequiresUserPermission -->
  <testcase name="PowerManagement" time="0.0" classname="testcases.UploadAndDownload">
    <ignored/>
  </testcase> <!-- PowerManagement -->
  <testcase name="Engrade2" time="0.0" classname="testcases.UploadAndDownload">
    <ignored/>
  </testcase> <!-- Engrade2 -->
  <testcase name="StreamSolarData" time="0.0" classname="testcases.UploadAndDownload">
    <ignored/>
  </testcase> <!-- StreamSolarData -->
  <testcase name="SwingerShutdown" time="0.0" classname="testcases.UploadAndDownload">
    <ignored/>
  </testcase> <!-- SwingerShutdown -->
  <testcase name="GlobalIntrusionSoundsandSirens" time="0.0" classname="testcases.UploadAndDownload">
    <ignored/>
  </testcase> <!-- GlobalIntrusionSoundsandSirens -->
  <testcase name="PanelTamper" time="0.0" classname="testcases.UploadAndDownload">
    <ignored/>
  </testcase> <!-- PanelTamper -->
  <testcase name="BeepsandChimesvolume" time="0.0" classname="testcases.UploadAndDownload">
    <ignored/>
  </testcase> <!-- BeepsandChimesvolume -->
  <testcase name="SettingPhotos" time="0.0" classname="testcases.UploadAndDownload">
    <ignored/>
  </testcase> <!-- SettingPhotos -->
  <testcase name="PowerGLossofSupervisoryforNonEmergencySensors" time="0.0" classname="testcases.UploadAndDownload">
    <ignored/>
  </testcase> <!-- PowerGLossofSupervisoryforNonEmergencySensors -->
  <testcase name="SensorTamperTroubleBeep" time="0.0" classname="testcases.UploadAndDownload">
    <ignored/>
  </testcase> <!-- SensorTamperTroubleBeep -->
  <testcase name="SirenforWirelessSupervisoryFailures" time="0.0" classname="testcases.UploadAndDownload">
    <ignored/>
  </testcase> <!-- SirenforWirelessSupervisoryFailures -->
  <testcase name="SafetySensorVoicePrompts" time="0.0" classname="testcases.UploadAndDownload">
    <ignored/>
  </testcase> <!-- SafetySensorVoicePrompts -->
  <testcase name="ScenesSupport" time="0.0" classname="testcases.UploadAndDownload">
    <ignored/>
  </testcase> <!-- ScenesSupport -->
  <testcase name="LEDIndicator" time="0.0" classname="testcases.UploadAndDownload">
    <ignored/>
  </testcase> <!-- LEDIndicator -->
</testsuite> <!-- DialerDelay -->
