<?xml version="1.0" encoding="UTF-8"?>
<!-- Generated by org.testng.reporters.JUnitXMLReporter -->
<testsuite hostname="ubuntu-Inspiron" ignored="0" name="Test" tests="153" failures="71" timestamp="2021-12-24T20:18:49 IST" time="9974.528" errors="0">
  <testcase name="DialerDelay" time="102.897" classname="testcases.UploadAndDownload"/>
  <testcase name="SirenTimeout" time="103.803" classname="testcases.UploadAndDownload"/>
  <testcase name="PanelSiren" time="103.128" classname="testcases.UploadAndDownload"/>
  <testcase name="EntryDelay" time="102.996" classname="testcases.UploadAndDownload"/>
  <testcase name="ExitDelay" time="103.249" classname="testcases.UploadAndDownload"/>
  <testcase name="AutoBypass" time="103.425" classname="testcases.UploadAndDownload"/>
  <testcase name="AutoStay" time="103.688" classname="testcases.UploadAndDownload"/>
  <testcase name="NoDelay" time="103.187" classname="testcases.UploadAndDownload"/>
  <testcase name="KeyfobArming" time="103.218" classname="testcases.UploadAndDownload"/>
  <testcase name="Temperature" time="103.124" classname="testcases.UploadAndDownload"/>
  <testcase name="Language" time="103.064" classname="testcases.UploadAndDownload"/>
  <testcase name="SupervisoryNonEmerg" time="103.923" classname="testcases.UploadAndDownload"/>
  <testcase name="SecureArming" time="103.004" classname="testcases.UploadAndDownload"/>
  <testcase name="LowBatteryArming" time="103.491" classname="testcases.UploadAndDownload"/>
  <testcase name="SIALimits" time="103.528" classname="testcases.UploadAndDownload"/>
  <testcase name="MediaVolume" time="103.157" classname="testcases.UploadAndDownload"/>
  <testcase name="AllVoicePrompts" time="102.996" classname="testcases.UploadAndDownload"/>
  <testcase name="SensorVoicePrompts" time="103.512" classname="testcases.UploadAndDownload"/>
  <testcase name="PanelVoicePrompts" time="103.768" classname="testcases.UploadAndDownload"/>
  <testcase name="SafetySensorVoicePrompts" time="102.848" classname="testcases.UploadAndDownload"/>
  <testcase name="AllChimes" time="103.269" classname="testcases.UploadAndDownload"/>
  <testcase name="SensorChimes" time="103.755" classname="testcases.UploadAndDownload"/>
  <testcase name="PanelChimes" time="103.361" classname="testcases.UploadAndDownload"/>
  <testcase name="SafetySensorChimes" time="104.11" classname="testcases.UploadAndDownload"/>
  <testcase name="Brightness" time="103.283" classname="testcases.UploadAndDownload"/>
  <testcase name="Duration" time="104.848" classname="testcases.UploadAndDownload"/>
  <testcase name="TransitionEffect" time="102.912" classname="testcases.UploadAndDownload"/>
  <testcase name="Shuffle" time="103.133" classname="testcases.UploadAndDownload"/>
  <testcase name="DisplayType" time="103.353" classname="testcases.UploadAndDownload"/>
  <testcase name="PhotoFrameStartTime" time="102.948" classname="testcases.UploadAndDownload"/>
  <testcase name="Nightmodestart" time="103.003" classname="testcases.UploadAndDownload"/>
  <testcase name="Nightmodeend" time="103.194" classname="testcases.UploadAndDownload"/>
  <testcase name="AccountNumber" time="106.147" classname="testcases.UploadAndDownload"/>
  <testcase name="Zwave" time="104.084" classname="testcases.UploadAndDownload"/>
  <testcase name="PowerManagement" time="103.343" classname="testcases.UploadAndDownload"/>
  <testcase name="SIAPowerRestoration" time="103.583" classname="testcases.UploadAndDownload"/>
  <testcase name="SensorLowBatteryTroubleBeep" time="102.971" classname="testcases.UploadAndDownload"/>
  <testcase name="SensorTamperTroubleBeep" time="103.757" classname="testcases.UploadAndDownload"/>
  <testcase name="TroubleBeepsTimeout" time="103.329" classname="testcases.UploadAndDownload"/>
  <testcase name="AutoExitTimeExtension" time="102.958" classname="testcases.UploadAndDownload"/>
  <testcase name="ThermostatDevice" time="103.083" classname="testcases.UploadAndDownload"/>
  <testcase name="LockDevices" time="103.133" classname="testcases.UploadAndDownload"/>
  <testcase name="DimmerDevices" time="103.14" classname="testcases.UploadAndDownload"/>
  <testcase name="LogLevel" time="14.151" classname="testcases.UploadAndDownload">
    <failure type="org.openqa.selenium.ElementNotInteractableException" message="element not interactable: Element is not currently visible and may not be manipulated
  (Session info: chrome=92.0.4515.107)
Build info: version: &amp;apos;3.141.59&amp;apos;, revision: &amp;apos;e82be7d358&amp;apos;, time: &amp;apos;2018-11-14T08:17:03&amp;apos;
System info: host: &amp;apos;ubuntu-Inspiron&amp;apos;, ip: &amp;apos;127.0.1.1&amp;apos;, os.name: &amp;apos;Linux&amp;apos;, os.arch: &amp;apos;amd64&amp;apos;, os.version: &amp;apos;5.4.0-91-generic&amp;apos;, java.version: &amp;apos;1.8.0_312&amp;apos;
Driver info: org.openqa.selenium.chrome.ChromeDriver
Capabilities {acceptInsecureCerts: false, browserName: chrome, browserVersion: 92.0.4515.107, chrome: {chromedriverVersion: 91.0.4472.101 (af52a90bf870..., userDataDir: /tmp/.com.google.Chrome.d6Gtv1}, goog:chromeOptions: {debuggerAddress: localhost:42731}, javascriptEnabled: true, networkConnectionEnabled: false, pageLoadStrategy: normal, platform: LINUX, platformName: LINUX, proxy: Proxy(), setWindowRect: true, strictFileInteractability: false, timeouts: {implicit: 0, pageLoad: 300000, script: 30000}, unhandledPromptBehavior: dismiss and notify, webauthn:extension:largeBlob: true, webauthn:virtualAuthenticators: true}
Session ID: 7b5328cf2bd0992532005073ead3e021">
      <![CDATA[org.openqa.selenium.ElementNotInteractableException: element not interactable: Element is not currently visible and may not be manipulated
  (Session info: chrome=92.0.4515.107)
Build info: version: '3.141.59', revision: 'e82be7d358', time: '2018-11-14T08:17:03'
System info: host: 'ubuntu-Inspiron', ip: '127.0.1.1', os.name: 'Linux', os.arch: 'amd64', os.version: '5.4.0-91-generic', java.version: '1.8.0_312'
Driver info: org.openqa.selenium.chrome.ChromeDriver
Capabilities {acceptInsecureCerts: false, browserName: chrome, browserVersion: 92.0.4515.107, chrome: {chromedriverVersion: 91.0.4472.101 (af52a90bf870..., userDataDir: /tmp/.com.google.Chrome.d6Gtv1}, goog:chromeOptions: {debuggerAddress: localhost:42731}, javascriptEnabled: true, networkConnectionEnabled: false, pageLoadStrategy: normal, platform: LINUX, platformName: LINUX, proxy: Proxy(), setWindowRect: true, strictFileInteractability: false, timeouts: {implicit: 0, pageLoad: 300000, script: 30000}, unhandledPromptBehavior: dismiss and notify, webauthn:extension:largeBlob: true, webauthn:virtualAuthenticators: true}
Session ID: 7b5328cf2bd0992532005073ead3e021
at org.openqa.selenium.remote.http.W3CHttpResponseCodec.createException(W3CHttpResponseCodec.java:187)
at org.openqa.selenium.remote.http.W3CHttpResponseCodec.decode(W3CHttpResponseCodec.java:122)
at org.openqa.selenium.remote.http.W3CHttpResponseCodec.decode(W3CHttpResponseCodec.java:49)
at org.openqa.selenium.remote.HttpCommandExecutor.execute(HttpCommandExecutor.java:158)
at org.openqa.selenium.remote.service.DriverCommandExecutor.execute(DriverCommandExecutor.java:83)
at org.openqa.selenium.remote.RemoteWebDriver.execute(RemoteWebDriver.java:552)
at org.openqa.selenium.remote.RemoteWebElement.execute(RemoteWebElement.java:285)
at org.openqa.selenium.remote.RemoteWebElement.click(RemoteWebElement.java:84)
at keywords.SettingChangePage.OptionSelector(SettingChangePage.java:52)
at keywords.Settings.logLevel(Settings.java:505)
at testcases.UploadAndDownload.LogLevel(UploadAndDownload.java:322)
at java.util.ArrayList.forEach(ArrayList.java:1259)
... Removed 31 stack frames]]>
    </failure>
  </testcase> <!-- LogLevel -->
  <testcase name="MasterCodeZwave" time="103.331" classname="testcases.UploadAndDownload"/>
  <testcase name="FireVerification" time="103.512" classname="testcases.UploadAndDownload"/>
  <testcase name="DisarmPhotos" time="103.003" classname="testcases.UploadAndDownload"/>
  <testcase name="SevereWeatherSirenWarning" time="103.387" classname="testcases.UploadAndDownload"/>
  <testcase name="SecureDeleteImages" time="103.1" classname="testcases.UploadAndDownload"/>
  <testcase name="MastercodeSirenAndAlarm" time="103.181" classname="testcases.UploadAndDownload"/>
  <testcase name="MastercodeSecurityandArming" time="103.06" classname="testcases.UploadAndDownload"/>
  <testcase name="MastercodeCameraSettings" time="103.011" classname="testcases.UploadAndDownload"/>
  <testcase name="MastercodeZwaveManagement" time="103.015" classname="testcases.UploadAndDownload"/>
  <testcase name="AlarmPhotos" time="102.673" classname="testcases.UploadAndDownload"/>
  <testcase name="AllTroubleBeeps" time="105.877" classname="testcases.UploadAndDownload"/>
  <testcase name="PanelTamperTroubleBeep" time="103.658" classname="testcases.UploadAndDownload"/>
  <testcase name="LongEntryDelay" time="32.55" classname="testcases.UploadAndDownload">
    <failure type="org.openqa.selenium.NoSuchElementException" message="no such element: Unable to locate element: {&amp;quot;method&amp;quot;:&amp;quot;xpath&amp;quot;,&amp;quot;selector&amp;quot;:&amp;quot;//select[@name =&amp;apos;ctl00$phBody$drpNewValue&amp;apos;]&amp;quot;}
  (Session info: chrome=92.0.4515.107)
For documentation on this error, please visit: https://www.seleniumhq.org/exceptions/no_such_element.html
Build info: version: &amp;apos;3.141.59&amp;apos;, revision: &amp;apos;e82be7d358&amp;apos;, time: &amp;apos;2018-11-14T08:17:03&amp;apos;
System info: host: &amp;apos;ubuntu-Inspiron&amp;apos;, ip: &amp;apos;127.0.1.1&amp;apos;, os.name: &amp;apos;Linux&amp;apos;, os.arch: &amp;apos;amd64&amp;apos;, os.version: &amp;apos;5.4.0-91-generic&amp;apos;, java.version: &amp;apos;1.8.0_312&amp;apos;
Driver info: org.openqa.selenium.chrome.ChromeDriver
Capabilities {acceptInsecureCerts: false, browserName: chrome, browserVersion: 92.0.4515.107, chrome: {chromedriverVersion: 91.0.4472.101 (af52a90bf870..., userDataDir: /tmp/.com.google.Chrome.d6Gtv1}, goog:chromeOptions: {debuggerAddress: localhost:42731}, javascriptEnabled: true, networkConnectionEnabled: false, pageLoadStrategy: normal, platform: LINUX, platformName: LINUX, proxy: Proxy(), setWindowRect: true, strictFileInteractability: false, timeouts: {implicit: 0, pageLoad: 300000, script: 30000}, unhandledPromptBehavior: dismiss and notify, webauthn:extension:largeBlob: true, webauthn:virtualAuthenticators: true}
Session ID: 7b5328cf2bd0992532005073ead3e021
*** Element info: {Using=xpath, value=//select[@name =&amp;apos;ctl00$phBody$drpNewValue&amp;apos;]}">
      <![CDATA[org.openqa.selenium.NoSuchElementException: no such element: Unable to locate element: {"method":"xpath","selector":"//select[@name ='ctl00$phBody$drpNewValue']"}
  (Session info: chrome=92.0.4515.107)
For documentation on this error, please visit: https://www.seleniumhq.org/exceptions/no_such_element.html
Build info: version: '3.141.59', revision: 'e82be7d358', time: '2018-11-14T08:17:03'
System info: host: 'ubuntu-Inspiron', ip: '127.0.1.1', os.name: 'Linux', os.arch: 'amd64', os.version: '5.4.0-91-generic', java.version: '1.8.0_312'
Driver info: org.openqa.selenium.chrome.ChromeDriver
Capabilities {acceptInsecureCerts: false, browserName: chrome, browserVersion: 92.0.4515.107, chrome: {chromedriverVersion: 91.0.4472.101 (af52a90bf870..., userDataDir: /tmp/.com.google.Chrome.d6Gtv1}, goog:chromeOptions: {debuggerAddress: localhost:42731}, javascriptEnabled: true, networkConnectionEnabled: false, pageLoadStrategy: normal, platform: LINUX, platformName: LINUX, proxy: Proxy(), setWindowRect: true, strictFileInteractability: false, timeouts: {implicit: 0, pageLoad: 300000, script: 30000}, unhandledPromptBehavior: dismiss and notify, webauthn:extension:largeBlob: true, webauthn:virtualAuthenticators: true}
Session ID: 7b5328cf2bd0992532005073ead3e021
*** Element info: {Using=xpath, value=//select[@name ='ctl00$phBody$drpNewValue']}
at org.openqa.selenium.remote.http.W3CHttpResponseCodec.createException(W3CHttpResponseCodec.java:187)
at org.openqa.selenium.remote.http.W3CHttpResponseCodec.decode(W3CHttpResponseCodec.java:122)
at org.openqa.selenium.remote.http.W3CHttpResponseCodec.decode(W3CHttpResponseCodec.java:49)
at org.openqa.selenium.remote.HttpCommandExecutor.execute(HttpCommandExecutor.java:158)
at org.openqa.selenium.remote.service.DriverCommandExecutor.execute(DriverCommandExecutor.java:83)
at org.openqa.selenium.remote.RemoteWebDriver.execute(RemoteWebDriver.java:552)
at org.openqa.selenium.remote.RemoteWebDriver.findElement(RemoteWebDriver.java:323)
at org.openqa.selenium.remote.RemoteWebDriver.findElementByXPath(RemoteWebDriver.java:428)
at org.openqa.selenium.By$ByXPath.findElement(By.java:353)
at org.openqa.selenium.remote.RemoteWebDriver.findElement(RemoteWebDriver.java:315)
at keywords.SettingChangePage.OptionSelector(SettingChangePage.java:42)
at keywords.Settings.longEntryDelay(Settings.java:648)
at testcases.UploadAndDownload.LongEntryDelay(UploadAndDownload.java:413)
at java.util.ArrayList.forEach(ArrayList.java:1259)
... Removed 31 stack frames]]>
    </failure>
  </testcase> <!-- LongEntryDelay -->
  <testcase name="LongExitDelay" time="32.451" classname="testcases.UploadAndDownload">
    <failure type="org.openqa.selenium.NoSuchElementException" message="no such element: Unable to locate element: {&amp;quot;method&amp;quot;:&amp;quot;xpath&amp;quot;,&amp;quot;selector&amp;quot;:&amp;quot;//select[@name =&amp;apos;ctl00$phBody$drpNewValue&amp;apos;]&amp;quot;}
  (Session info: chrome=92.0.4515.107)
For documentation on this error, please visit: https://www.seleniumhq.org/exceptions/no_such_element.html
Build info: version: &amp;apos;3.141.59&amp;apos;, revision: &amp;apos;e82be7d358&amp;apos;, time: &amp;apos;2018-11-14T08:17:03&amp;apos;
System info: host: &amp;apos;ubuntu-Inspiron&amp;apos;, ip: &amp;apos;127.0.1.1&amp;apos;, os.name: &amp;apos;Linux&amp;apos;, os.arch: &amp;apos;amd64&amp;apos;, os.version: &amp;apos;5.4.0-91-generic&amp;apos;, java.version: &amp;apos;1.8.0_312&amp;apos;
Driver info: org.openqa.selenium.chrome.ChromeDriver
Capabilities {acceptInsecureCerts: false, browserName: chrome, browserVersion: 92.0.4515.107, chrome: {chromedriverVersion: 91.0.4472.101 (af52a90bf870..., userDataDir: /tmp/.com.google.Chrome.d6Gtv1}, goog:chromeOptions: {debuggerAddress: localhost:42731}, javascriptEnabled: true, networkConnectionEnabled: false, pageLoadStrategy: normal, platform: LINUX, platformName: LINUX, proxy: Proxy(), setWindowRect: true, strictFileInteractability: false, timeouts: {implicit: 0, pageLoad: 300000, script: 30000}, unhandledPromptBehavior: dismiss and notify, webauthn:extension:largeBlob: true, webauthn:virtualAuthenticators: true}
Session ID: 7b5328cf2bd0992532005073ead3e021
*** Element info: {Using=xpath, value=//select[@name =&amp;apos;ctl00$phBody$drpNewValue&amp;apos;]}">
      <![CDATA[org.openqa.selenium.NoSuchElementException: no such element: Unable to locate element: {"method":"xpath","selector":"//select[@name ='ctl00$phBody$drpNewValue']"}
  (Session info: chrome=92.0.4515.107)
For documentation on this error, please visit: https://www.seleniumhq.org/exceptions/no_such_element.html
Build info: version: '3.141.59', revision: 'e82be7d358', time: '2018-11-14T08:17:03'
System info: host: 'ubuntu-Inspiron', ip: '127.0.1.1', os.name: 'Linux', os.arch: 'amd64', os.version: '5.4.0-91-generic', java.version: '1.8.0_312'
Driver info: org.openqa.selenium.chrome.ChromeDriver
Capabilities {acceptInsecureCerts: false, browserName: chrome, browserVersion: 92.0.4515.107, chrome: {chromedriverVersion: 91.0.4472.101 (af52a90bf870..., userDataDir: /tmp/.com.google.Chrome.d6Gtv1}, goog:chromeOptions: {debuggerAddress: localhost:42731}, javascriptEnabled: true, networkConnectionEnabled: false, pageLoadStrategy: normal, platform: LINUX, platformName: LINUX, proxy: Proxy(), setWindowRect: true, strictFileInteractability: false, timeouts: {implicit: 0, pageLoad: 300000, script: 30000}, unhandledPromptBehavior: dismiss and notify, webauthn:extension:largeBlob: true, webauthn:virtualAuthenticators: true}
Session ID: 7b5328cf2bd0992532005073ead3e021
*** Element info: {Using=xpath, value=//select[@name ='ctl00$phBody$drpNewValue']}
at org.openqa.selenium.remote.http.W3CHttpResponseCodec.createException(W3CHttpResponseCodec.java:187)
at org.openqa.selenium.remote.http.W3CHttpResponseCodec.decode(W3CHttpResponseCodec.java:122)
at org.openqa.selenium.remote.http.W3CHttpResponseCodec.decode(W3CHttpResponseCodec.java:49)
at org.openqa.selenium.remote.HttpCommandExecutor.execute(HttpCommandExecutor.java:158)
at org.openqa.selenium.remote.service.DriverCommandExecutor.execute(DriverCommandExecutor.java:83)
at org.openqa.selenium.remote.RemoteWebDriver.execute(RemoteWebDriver.java:552)
at org.openqa.selenium.remote.RemoteWebDriver.findElement(RemoteWebDriver.java:323)
at org.openqa.selenium.remote.RemoteWebDriver.findElementByXPath(RemoteWebDriver.java:428)
at org.openqa.selenium.By$ByXPath.findElement(By.java:353)
at org.openqa.selenium.remote.RemoteWebDriver.findElement(RemoteWebDriver.java:315)
at keywords.SettingChangePage.OptionSelector(SettingChangePage.java:42)
at keywords.Settings.longExitDelay(Settings.java:659)
at testcases.UploadAndDownload.LongExitDelay(UploadAndDownload.java:420)
at java.util.ArrayList.forEach(ArrayList.java:1259)
... Removed 31 stack frames]]>
    </failure>
  </testcase> <!-- LongExitDelay -->
  <testcase name="LocalZWaveVoicePrompts" time="32.484" classname="testcases.UploadAndDownload">
    <failure type="org.openqa.selenium.NoSuchElementException" message="no such element: Unable to locate element: {&amp;quot;method&amp;quot;:&amp;quot;xpath&amp;quot;,&amp;quot;selector&amp;quot;:&amp;quot;//select[@name =&amp;apos;ctl00$phBody$drpNewValue&amp;apos;]&amp;quot;}
  (Session info: chrome=92.0.4515.107)
For documentation on this error, please visit: https://www.seleniumhq.org/exceptions/no_such_element.html
Build info: version: &amp;apos;3.141.59&amp;apos;, revision: &amp;apos;e82be7d358&amp;apos;, time: &amp;apos;2018-11-14T08:17:03&amp;apos;
System info: host: &amp;apos;ubuntu-Inspiron&amp;apos;, ip: &amp;apos;127.0.1.1&amp;apos;, os.name: &amp;apos;Linux&amp;apos;, os.arch: &amp;apos;amd64&amp;apos;, os.version: &amp;apos;5.4.0-91-generic&amp;apos;, java.version: &amp;apos;1.8.0_312&amp;apos;
Driver info: org.openqa.selenium.chrome.ChromeDriver
Capabilities {acceptInsecureCerts: false, browserName: chrome, browserVersion: 92.0.4515.107, chrome: {chromedriverVersion: 91.0.4472.101 (af52a90bf870..., userDataDir: /tmp/.com.google.Chrome.d6Gtv1}, goog:chromeOptions: {debuggerAddress: localhost:42731}, javascriptEnabled: true, networkConnectionEnabled: false, pageLoadStrategy: normal, platform: LINUX, platformName: LINUX, proxy: Proxy(), setWindowRect: true, strictFileInteractability: false, timeouts: {implicit: 0, pageLoad: 300000, script: 30000}, unhandledPromptBehavior: dismiss and notify, webauthn:extension:largeBlob: true, webauthn:virtualAuthenticators: true}
Session ID: 7b5328cf2bd0992532005073ead3e021
*** Element info: {Using=xpath, value=//select[@name =&amp;apos;ctl00$phBody$drpNewValue&amp;apos;]}">
      <![CDATA[org.openqa.selenium.NoSuchElementException: no such element: Unable to locate element: {"method":"xpath","selector":"//select[@name ='ctl00$phBody$drpNewValue']"}
  (Session info: chrome=92.0.4515.107)
For documentation on this error, please visit: https://www.seleniumhq.org/exceptions/no_such_element.html
Build info: version: '3.141.59', revision: 'e82be7d358', time: '2018-11-14T08:17:03'
System info: host: 'ubuntu-Inspiron', ip: '127.0.1.1', os.name: 'Linux', os.arch: 'amd64', os.version: '5.4.0-91-generic', java.version: '1.8.0_312'
Driver info: org.openqa.selenium.chrome.ChromeDriver
Capabilities {acceptInsecureCerts: false, browserName: chrome, browserVersion: 92.0.4515.107, chrome: {chromedriverVersion: 91.0.4472.101 (af52a90bf870..., userDataDir: /tmp/.com.google.Chrome.d6Gtv1}, goog:chromeOptions: {debuggerAddress: localhost:42731}, javascriptEnabled: true, networkConnectionEnabled: false, pageLoadStrategy: normal, platform: LINUX, platformName: LINUX, proxy: Proxy(), setWindowRect: true, strictFileInteractability: false, timeouts: {implicit: 0, pageLoad: 300000, script: 30000}, unhandledPromptBehavior: dismiss and notify, webauthn:extension:largeBlob: true, webauthn:virtualAuthenticators: true}
Session ID: 7b5328cf2bd0992532005073ead3e021
*** Element info: {Using=xpath, value=//select[@name ='ctl00$phBody$drpNewValue']}
at org.openqa.selenium.remote.http.W3CHttpResponseCodec.createException(W3CHttpResponseCodec.java:187)
at org.openqa.selenium.remote.http.W3CHttpResponseCodec.decode(W3CHttpResponseCodec.java:122)
at org.openqa.selenium.remote.http.W3CHttpResponseCodec.decode(W3CHttpResponseCodec.java:49)
at org.openqa.selenium.remote.HttpCommandExecutor.execute(HttpCommandExecutor.java:158)
at org.openqa.selenium.remote.service.DriverCommandExecutor.execute(DriverCommandExecutor.java:83)
at org.openqa.selenium.remote.RemoteWebDriver.execute(RemoteWebDriver.java:552)
at org.openqa.selenium.remote.RemoteWebDriver.findElement(RemoteWebDriver.java:323)
at org.openqa.selenium.remote.RemoteWebDriver.findElementByXPath(RemoteWebDriver.java:428)
at org.openqa.selenium.By$ByXPath.findElement(By.java:353)
at org.openqa.selenium.remote.RemoteWebDriver.findElement(RemoteWebDriver.java:315)
at keywords.SettingChangePage.OptionSelector(SettingChangePage.java:42)
at keywords.Settings.localZWaveVoicePrompts(Settings.java:670)
at testcases.UploadAndDownload.LocalZWaveVoicePrompts(UploadAndDownload.java:427)
at java.util.ArrayList.forEach(ArrayList.java:1259)
... Removed 31 stack frames]]>
    </failure>
  </testcase> <!-- LocalZWaveVoicePrompts -->
  <testcase name="RemoteZWaveVoicePrompts" time="32.443" classname="testcases.UploadAndDownload">
    <failure type="org.openqa.selenium.NoSuchElementException" message="no such element: Unable to locate element: {&amp;quot;method&amp;quot;:&amp;quot;xpath&amp;quot;,&amp;quot;selector&amp;quot;:&amp;quot;//select[@name =&amp;apos;ctl00$phBody$drpNewValue&amp;apos;]&amp;quot;}
  (Session info: chrome=92.0.4515.107)
For documentation on this error, please visit: https://www.seleniumhq.org/exceptions/no_such_element.html
Build info: version: &amp;apos;3.141.59&amp;apos;, revision: &amp;apos;e82be7d358&amp;apos;, time: &amp;apos;2018-11-14T08:17:03&amp;apos;
System info: host: &amp;apos;ubuntu-Inspiron&amp;apos;, ip: &amp;apos;127.0.1.1&amp;apos;, os.name: &amp;apos;Linux&amp;apos;, os.arch: &amp;apos;amd64&amp;apos;, os.version: &amp;apos;5.4.0-91-generic&amp;apos;, java.version: &amp;apos;1.8.0_312&amp;apos;
Driver info: org.openqa.selenium.chrome.ChromeDriver
Capabilities {acceptInsecureCerts: false, browserName: chrome, browserVersion: 92.0.4515.107, chrome: {chromedriverVersion: 91.0.4472.101 (af52a90bf870..., userDataDir: /tmp/.com.google.Chrome.d6Gtv1}, goog:chromeOptions: {debuggerAddress: localhost:42731}, javascriptEnabled: true, networkConnectionEnabled: false, pageLoadStrategy: normal, platform: LINUX, platformName: LINUX, proxy: Proxy(), setWindowRect: true, strictFileInteractability: false, timeouts: {implicit: 0, pageLoad: 300000, script: 30000}, unhandledPromptBehavior: dismiss and notify, webauthn:extension:largeBlob: true, webauthn:virtualAuthenticators: true}
Session ID: 7b5328cf2bd0992532005073ead3e021
*** Element info: {Using=xpath, value=//select[@name =&amp;apos;ctl00$phBody$drpNewValue&amp;apos;]}">
      <![CDATA[org.openqa.selenium.NoSuchElementException: no such element: Unable to locate element: {"method":"xpath","selector":"//select[@name ='ctl00$phBody$drpNewValue']"}
  (Session info: chrome=92.0.4515.107)
For documentation on this error, please visit: https://www.seleniumhq.org/exceptions/no_such_element.html
Build info: version: '3.141.59', revision: 'e82be7d358', time: '2018-11-14T08:17:03'
System info: host: 'ubuntu-Inspiron', ip: '127.0.1.1', os.name: 'Linux', os.arch: 'amd64', os.version: '5.4.0-91-generic', java.version: '1.8.0_312'
Driver info: org.openqa.selenium.chrome.ChromeDriver
Capabilities {acceptInsecureCerts: false, browserName: chrome, browserVersion: 92.0.4515.107, chrome: {chromedriverVersion: 91.0.4472.101 (af52a90bf870..., userDataDir: /tmp/.com.google.Chrome.d6Gtv1}, goog:chromeOptions: {debuggerAddress: localhost:42731}, javascriptEnabled: true, networkConnectionEnabled: false, pageLoadStrategy: normal, platform: LINUX, platformName: LINUX, proxy: Proxy(), setWindowRect: true, strictFileInteractability: false, timeouts: {implicit: 0, pageLoad: 300000, script: 30000}, unhandledPromptBehavior: dismiss and notify, webauthn:extension:largeBlob: true, webauthn:virtualAuthenticators: true}
Session ID: 7b5328cf2bd0992532005073ead3e021
*** Element info: {Using=xpath, value=//select[@name ='ctl00$phBody$drpNewValue']}
at org.openqa.selenium.remote.http.W3CHttpResponseCodec.createException(W3CHttpResponseCodec.java:187)
at org.openqa.selenium.remote.http.W3CHttpResponseCodec.decode(W3CHttpResponseCodec.java:122)
at org.openqa.selenium.remote.http.W3CHttpResponseCodec.decode(W3CHttpResponseCodec.java:49)
at org.openqa.selenium.remote.HttpCommandExecutor.execute(HttpCommandExecutor.java:158)
at org.openqa.selenium.remote.service.DriverCommandExecutor.execute(DriverCommandExecutor.java:83)
at org.openqa.selenium.remote.RemoteWebDriver.execute(RemoteWebDriver.java:552)
at org.openqa.selenium.remote.RemoteWebDriver.findElement(RemoteWebDriver.java:323)
at org.openqa.selenium.remote.RemoteWebDriver.findElementByXPath(RemoteWebDriver.java:428)
at org.openqa.selenium.By$ByXPath.findElement(By.java:353)
at org.openqa.selenium.remote.RemoteWebDriver.findElement(RemoteWebDriver.java:315)
at keywords.SettingChangePage.OptionSelector(SettingChangePage.java:42)
at keywords.Settings.remoteZWaveVoicePrompts(Settings.java:681)
at testcases.UploadAndDownload.RemoteZWaveVoicePrompts(UploadAndDownload.java:434)
at java.util.ArrayList.forEach(ArrayList.java:1259)
... Removed 31 stack frames]]>
    </failure>
  </testcase> <!-- RemoteZWaveVoicePrompts -->
  <testcase name="SupervisoryEmergency" time="32.406" classname="testcases.UploadAndDownload">
    <failure type="org.openqa.selenium.NoSuchElementException" message="no such element: Unable to locate element: {&amp;quot;method&amp;quot;:&amp;quot;xpath&amp;quot;,&amp;quot;selector&amp;quot;:&amp;quot;//select[@name =&amp;apos;ctl00$phBody$drpNewValue&amp;apos;]&amp;quot;}
  (Session info: chrome=92.0.4515.107)
For documentation on this error, please visit: https://www.seleniumhq.org/exceptions/no_such_element.html
Build info: version: &amp;apos;3.141.59&amp;apos;, revision: &amp;apos;e82be7d358&amp;apos;, time: &amp;apos;2018-11-14T08:17:03&amp;apos;
System info: host: &amp;apos;ubuntu-Inspiron&amp;apos;, ip: &amp;apos;127.0.1.1&amp;apos;, os.name: &amp;apos;Linux&amp;apos;, os.arch: &amp;apos;amd64&amp;apos;, os.version: &amp;apos;5.4.0-91-generic&amp;apos;, java.version: &amp;apos;1.8.0_312&amp;apos;
Driver info: org.openqa.selenium.chrome.ChromeDriver
Capabilities {acceptInsecureCerts: false, browserName: chrome, browserVersion: 92.0.4515.107, chrome: {chromedriverVersion: 91.0.4472.101 (af52a90bf870..., userDataDir: /tmp/.com.google.Chrome.d6Gtv1}, goog:chromeOptions: {debuggerAddress: localhost:42731}, javascriptEnabled: true, networkConnectionEnabled: false, pageLoadStrategy: normal, platform: LINUX, platformName: LINUX, proxy: Proxy(), setWindowRect: true, strictFileInteractability: false, timeouts: {implicit: 0, pageLoad: 300000, script: 30000}, unhandledPromptBehavior: dismiss and notify, webauthn:extension:largeBlob: true, webauthn:virtualAuthenticators: true}
Session ID: 7b5328cf2bd0992532005073ead3e021
*** Element info: {Using=xpath, value=//select[@name =&amp;apos;ctl00$phBody$drpNewValue&amp;apos;]}">
      <![CDATA[org.openqa.selenium.NoSuchElementException: no such element: Unable to locate element: {"method":"xpath","selector":"//select[@name ='ctl00$phBody$drpNewValue']"}
  (Session info: chrome=92.0.4515.107)
For documentation on this error, please visit: https://www.seleniumhq.org/exceptions/no_such_element.html
Build info: version: '3.141.59', revision: 'e82be7d358', time: '2018-11-14T08:17:03'
System info: host: 'ubuntu-Inspiron', ip: '127.0.1.1', os.name: 'Linux', os.arch: 'amd64', os.version: '5.4.0-91-generic', java.version: '1.8.0_312'
Driver info: org.openqa.selenium.chrome.ChromeDriver
Capabilities {acceptInsecureCerts: false, browserName: chrome, browserVersion: 92.0.4515.107, chrome: {chromedriverVersion: 91.0.4472.101 (af52a90bf870..., userDataDir: /tmp/.com.google.Chrome.d6Gtv1}, goog:chromeOptions: {debuggerAddress: localhost:42731}, javascriptEnabled: true, networkConnectionEnabled: false, pageLoadStrategy: normal, platform: LINUX, platformName: LINUX, proxy: Proxy(), setWindowRect: true, strictFileInteractability: false, timeouts: {implicit: 0, pageLoad: 300000, script: 30000}, unhandledPromptBehavior: dismiss and notify, webauthn:extension:largeBlob: true, webauthn:virtualAuthenticators: true}
Session ID: 7b5328cf2bd0992532005073ead3e021
*** Element info: {Using=xpath, value=//select[@name ='ctl00$phBody$drpNewValue']}
at org.openqa.selenium.remote.http.W3CHttpResponseCodec.createException(W3CHttpResponseCodec.java:187)
at org.openqa.selenium.remote.http.W3CHttpResponseCodec.decode(W3CHttpResponseCodec.java:122)
at org.openqa.selenium.remote.http.W3CHttpResponseCodec.decode(W3CHttpResponseCodec.java:49)
at org.openqa.selenium.remote.HttpCommandExecutor.execute(HttpCommandExecutor.java:158)
at org.openqa.selenium.remote.service.DriverCommandExecutor.execute(DriverCommandExecutor.java:83)
at org.openqa.selenium.remote.RemoteWebDriver.execute(RemoteWebDriver.java:552)
at org.openqa.selenium.remote.RemoteWebDriver.findElement(RemoteWebDriver.java:323)
at org.openqa.selenium.remote.RemoteWebDriver.findElementByXPath(RemoteWebDriver.java:428)
at org.openqa.selenium.By$ByXPath.findElement(By.java:353)
at org.openqa.selenium.remote.RemoteWebDriver.findElement(RemoteWebDriver.java:315)
at keywords.SettingChangePage.OptionSelector(SettingChangePage.java:42)
at keywords.Settings.supervisoryEmergency(Settings.java:692)
at testcases.UploadAndDownload.SupervisoryEmergency(UploadAndDownload.java:441)
at java.util.ArrayList.forEach(ArrayList.java:1259)
... Removed 31 stack frames]]>
    </failure>
  </testcase> <!-- SupervisoryEmergency -->
  <testcase name="SirenAnnunciation" time="32.42" classname="testcases.UploadAndDownload">
    <failure type="org.openqa.selenium.NoSuchElementException" message="no such element: Unable to locate element: {&amp;quot;method&amp;quot;:&amp;quot;xpath&amp;quot;,&amp;quot;selector&amp;quot;:&amp;quot;//select[@name =&amp;apos;ctl00$phBody$drpNewValue&amp;apos;]&amp;quot;}
  (Session info: chrome=92.0.4515.107)
For documentation on this error, please visit: https://www.seleniumhq.org/exceptions/no_such_element.html
Build info: version: &amp;apos;3.141.59&amp;apos;, revision: &amp;apos;e82be7d358&amp;apos;, time: &amp;apos;2018-11-14T08:17:03&amp;apos;
System info: host: &amp;apos;ubuntu-Inspiron&amp;apos;, ip: &amp;apos;127.0.1.1&amp;apos;, os.name: &amp;apos;Linux&amp;apos;, os.arch: &amp;apos;amd64&amp;apos;, os.version: &amp;apos;5.4.0-91-generic&amp;apos;, java.version: &amp;apos;1.8.0_312&amp;apos;
Driver info: org.openqa.selenium.chrome.ChromeDriver
Capabilities {acceptInsecureCerts: false, browserName: chrome, browserVersion: 92.0.4515.107, chrome: {chromedriverVersion: 91.0.4472.101 (af52a90bf870..., userDataDir: /tmp/.com.google.Chrome.d6Gtv1}, goog:chromeOptions: {debuggerAddress: localhost:42731}, javascriptEnabled: true, networkConnectionEnabled: false, pageLoadStrategy: normal, platform: LINUX, platformName: LINUX, proxy: Proxy(), setWindowRect: true, strictFileInteractability: false, timeouts: {implicit: 0, pageLoad: 300000, script: 30000}, unhandledPromptBehavior: dismiss and notify, webauthn:extension:largeBlob: true, webauthn:virtualAuthenticators: true}
Session ID: 7b5328cf2bd0992532005073ead3e021
*** Element info: {Using=xpath, value=//select[@name =&amp;apos;ctl00$phBody$drpNewValue&amp;apos;]}">
      <![CDATA[org.openqa.selenium.NoSuchElementException: no such element: Unable to locate element: {"method":"xpath","selector":"//select[@name ='ctl00$phBody$drpNewValue']"}
  (Session info: chrome=92.0.4515.107)
For documentation on this error, please visit: https://www.seleniumhq.org/exceptions/no_such_element.html
Build info: version: '3.141.59', revision: 'e82be7d358', time: '2018-11-14T08:17:03'
System info: host: 'ubuntu-Inspiron', ip: '127.0.1.1', os.name: 'Linux', os.arch: 'amd64', os.version: '5.4.0-91-generic', java.version: '1.8.0_312'
Driver info: org.openqa.selenium.chrome.ChromeDriver
Capabilities {acceptInsecureCerts: false, browserName: chrome, browserVersion: 92.0.4515.107, chrome: {chromedriverVersion: 91.0.4472.101 (af52a90bf870..., userDataDir: /tmp/.com.google.Chrome.d6Gtv1}, goog:chromeOptions: {debuggerAddress: localhost:42731}, javascriptEnabled: true, networkConnectionEnabled: false, pageLoadStrategy: normal, platform: LINUX, platformName: LINUX, proxy: Proxy(), setWindowRect: true, strictFileInteractability: false, timeouts: {implicit: 0, pageLoad: 300000, script: 30000}, unhandledPromptBehavior: dismiss and notify, webauthn:extension:largeBlob: true, webauthn:virtualAuthenticators: true}
Session ID: 7b5328cf2bd0992532005073ead3e021
*** Element info: {Using=xpath, value=//select[@name ='ctl00$phBody$drpNewValue']}
at org.openqa.selenium.remote.http.W3CHttpResponseCodec.createException(W3CHttpResponseCodec.java:187)
at org.openqa.selenium.remote.http.W3CHttpResponseCodec.decode(W3CHttpResponseCodec.java:122)
at org.openqa.selenium.remote.http.W3CHttpResponseCodec.decode(W3CHttpResponseCodec.java:49)
at org.openqa.selenium.remote.HttpCommandExecutor.execute(HttpCommandExecutor.java:158)
at org.openqa.selenium.remote.service.DriverCommandExecutor.execute(DriverCommandExecutor.java:83)
at org.openqa.selenium.remote.RemoteWebDriver.execute(RemoteWebDriver.java:552)
at org.openqa.selenium.remote.RemoteWebDriver.findElement(RemoteWebDriver.java:323)
at org.openqa.selenium.remote.RemoteWebDriver.findElementByXPath(RemoteWebDriver.java:428)
at org.openqa.selenium.By$ByXPath.findElement(By.java:353)
at org.openqa.selenium.remote.RemoteWebDriver.findElement(RemoteWebDriver.java:315)
at keywords.SettingChangePage.OptionSelector(SettingChangePage.java:42)
at keywords.Settings.sirenAnnunciation(Settings.java:703)
at testcases.UploadAndDownload.SirenAnnunciation(UploadAndDownload.java:448)
at java.util.ArrayList.forEach(ArrayList.java:1259)
... Removed 31 stack frames]]>
    </failure>
  </testcase> <!-- SirenAnnunciation -->
  <testcase name="WellnessSupport" time="32.418" classname="testcases.UploadAndDownload">
    <failure type="org.openqa.selenium.NoSuchElementException" message="no such element: Unable to locate element: {&amp;quot;method&amp;quot;:&amp;quot;xpath&amp;quot;,&amp;quot;selector&amp;quot;:&amp;quot;//select[@name =&amp;apos;ctl00$phBody$drpNewValue&amp;apos;]&amp;quot;}
  (Session info: chrome=92.0.4515.107)
For documentation on this error, please visit: https://www.seleniumhq.org/exceptions/no_such_element.html
Build info: version: &amp;apos;3.141.59&amp;apos;, revision: &amp;apos;e82be7d358&amp;apos;, time: &amp;apos;2018-11-14T08:17:03&amp;apos;
System info: host: &amp;apos;ubuntu-Inspiron&amp;apos;, ip: &amp;apos;127.0.1.1&amp;apos;, os.name: &amp;apos;Linux&amp;apos;, os.arch: &amp;apos;amd64&amp;apos;, os.version: &amp;apos;5.4.0-91-generic&amp;apos;, java.version: &amp;apos;1.8.0_312&amp;apos;
Driver info: org.openqa.selenium.chrome.ChromeDriver
Capabilities {acceptInsecureCerts: false, browserName: chrome, browserVersion: 92.0.4515.107, chrome: {chromedriverVersion: 91.0.4472.101 (af52a90bf870..., userDataDir: /tmp/.com.google.Chrome.d6Gtv1}, goog:chromeOptions: {debuggerAddress: localhost:42731}, javascriptEnabled: true, networkConnectionEnabled: false, pageLoadStrategy: normal, platform: LINUX, platformName: LINUX, proxy: Proxy(), setWindowRect: true, strictFileInteractability: false, timeouts: {implicit: 0, pageLoad: 300000, script: 30000}, unhandledPromptBehavior: dismiss and notify, webauthn:extension:largeBlob: true, webauthn:virtualAuthenticators: true}
Session ID: 7b5328cf2bd0992532005073ead3e021
*** Element info: {Using=xpath, value=//select[@name =&amp;apos;ctl00$phBody$drpNewValue&amp;apos;]}">
      <![CDATA[org.openqa.selenium.NoSuchElementException: no such element: Unable to locate element: {"method":"xpath","selector":"//select[@name ='ctl00$phBody$drpNewValue']"}
  (Session info: chrome=92.0.4515.107)
For documentation on this error, please visit: https://www.seleniumhq.org/exceptions/no_such_element.html
Build info: version: '3.141.59', revision: 'e82be7d358', time: '2018-11-14T08:17:03'
System info: host: 'ubuntu-Inspiron', ip: '127.0.1.1', os.name: 'Linux', os.arch: 'amd64', os.version: '5.4.0-91-generic', java.version: '1.8.0_312'
Driver info: org.openqa.selenium.chrome.ChromeDriver
Capabilities {acceptInsecureCerts: false, browserName: chrome, browserVersion: 92.0.4515.107, chrome: {chromedriverVersion: 91.0.4472.101 (af52a90bf870..., userDataDir: /tmp/.com.google.Chrome.d6Gtv1}, goog:chromeOptions: {debuggerAddress: localhost:42731}, javascriptEnabled: true, networkConnectionEnabled: false, pageLoadStrategy: normal, platform: LINUX, platformName: LINUX, proxy: Proxy(), setWindowRect: true, strictFileInteractability: false, timeouts: {implicit: 0, pageLoad: 300000, script: 30000}, unhandledPromptBehavior: dismiss and notify, webauthn:extension:largeBlob: true, webauthn:virtualAuthenticators: true}
Session ID: 7b5328cf2bd0992532005073ead3e021
*** Element info: {Using=xpath, value=//select[@name ='ctl00$phBody$drpNewValue']}
at org.openqa.selenium.remote.http.W3CHttpResponseCodec.createException(W3CHttpResponseCodec.java:187)
at org.openqa.selenium.remote.http.W3CHttpResponseCodec.decode(W3CHttpResponseCodec.java:122)
at org.openqa.selenium.remote.http.W3CHttpResponseCodec.decode(W3CHttpResponseCodec.java:49)
at org.openqa.selenium.remote.HttpCommandExecutor.execute(HttpCommandExecutor.java:158)
at org.openqa.selenium.remote.service.DriverCommandExecutor.execute(DriverCommandExecutor.java:83)
at org.openqa.selenium.remote.RemoteWebDriver.execute(RemoteWebDriver.java:552)
at org.openqa.selenium.remote.RemoteWebDriver.findElement(RemoteWebDriver.java:323)
at org.openqa.selenium.remote.RemoteWebDriver.findElementByXPath(RemoteWebDriver.java:428)
at org.openqa.selenium.By$ByXPath.findElement(By.java:353)
at org.openqa.selenium.remote.RemoteWebDriver.findElement(RemoteWebDriver.java:315)
at keywords.SettingChangePage.OptionSelector(SettingChangePage.java:42)
at keywords.Settings.secureDeleteImages(Settings.java:560)
at testcases.UploadAndDownload.WellnessSupport(UploadAndDownload.java:455)
at java.util.ArrayList.forEach(ArrayList.java:1259)
... Removed 31 stack frames]]>
    </failure>
  </testcase> <!-- WellnessSupport -->
  <testcase name="WaterFreezeSiren" time="32.442" classname="testcases.UploadAndDownload">
    <failure type="org.openqa.selenium.NoSuchElementException" message="no such element: Unable to locate element: {&amp;quot;method&amp;quot;:&amp;quot;xpath&amp;quot;,&amp;quot;selector&amp;quot;:&amp;quot;//select[@name =&amp;apos;ctl00$phBody$drpNewValue&amp;apos;]&amp;quot;}
  (Session info: chrome=92.0.4515.107)
For documentation on this error, please visit: https://www.seleniumhq.org/exceptions/no_such_element.html
Build info: version: &amp;apos;3.141.59&amp;apos;, revision: &amp;apos;e82be7d358&amp;apos;, time: &amp;apos;2018-11-14T08:17:03&amp;apos;
System info: host: &amp;apos;ubuntu-Inspiron&amp;apos;, ip: &amp;apos;127.0.1.1&amp;apos;, os.name: &amp;apos;Linux&amp;apos;, os.arch: &amp;apos;amd64&amp;apos;, os.version: &amp;apos;5.4.0-91-generic&amp;apos;, java.version: &amp;apos;1.8.0_312&amp;apos;
Driver info: org.openqa.selenium.chrome.ChromeDriver
Capabilities {acceptInsecureCerts: false, browserName: chrome, browserVersion: 92.0.4515.107, chrome: {chromedriverVersion: 91.0.4472.101 (af52a90bf870..., userDataDir: /tmp/.com.google.Chrome.d6Gtv1}, goog:chromeOptions: {debuggerAddress: localhost:42731}, javascriptEnabled: true, networkConnectionEnabled: false, pageLoadStrategy: normal, platform: LINUX, platformName: LINUX, proxy: Proxy(), setWindowRect: true, strictFileInteractability: false, timeouts: {implicit: 0, pageLoad: 300000, script: 30000}, unhandledPromptBehavior: dismiss and notify, webauthn:extension:largeBlob: true, webauthn:virtualAuthenticators: true}
Session ID: 7b5328cf2bd0992532005073ead3e021
*** Element info: {Using=xpath, value=//select[@name =&amp;apos;ctl00$phBody$drpNewValue&amp;apos;]}">
      <![CDATA[org.openqa.selenium.NoSuchElementException: no such element: Unable to locate element: {"method":"xpath","selector":"//select[@name ='ctl00$phBody$drpNewValue']"}
  (Session info: chrome=92.0.4515.107)
For documentation on this error, please visit: https://www.seleniumhq.org/exceptions/no_such_element.html
Build info: version: '3.141.59', revision: 'e82be7d358', time: '2018-11-14T08:17:03'
System info: host: 'ubuntu-Inspiron', ip: '127.0.1.1', os.name: 'Linux', os.arch: 'amd64', os.version: '5.4.0-91-generic', java.version: '1.8.0_312'
Driver info: org.openqa.selenium.chrome.ChromeDriver
Capabilities {acceptInsecureCerts: false, browserName: chrome, browserVersion: 92.0.4515.107, chrome: {chromedriverVersion: 91.0.4472.101 (af52a90bf870..., userDataDir: /tmp/.com.google.Chrome.d6Gtv1}, goog:chromeOptions: {debuggerAddress: localhost:42731}, javascriptEnabled: true, networkConnectionEnabled: false, pageLoadStrategy: normal, platform: LINUX, platformName: LINUX, proxy: Proxy(), setWindowRect: true, strictFileInteractability: false, timeouts: {implicit: 0, pageLoad: 300000, script: 30000}, unhandledPromptBehavior: dismiss and notify, webauthn:extension:largeBlob: true, webauthn:virtualAuthenticators: true}
Session ID: 7b5328cf2bd0992532005073ead3e021
*** Element info: {Using=xpath, value=//select[@name ='ctl00$phBody$drpNewValue']}
at org.openqa.selenium.remote.http.W3CHttpResponseCodec.createException(W3CHttpResponseCodec.java:187)
at org.openqa.selenium.remote.http.W3CHttpResponseCodec.decode(W3CHttpResponseCodec.java:122)
at org.openqa.selenium.remote.http.W3CHttpResponseCodec.decode(W3CHttpResponseCodec.java:49)
at org.openqa.selenium.remote.HttpCommandExecutor.execute(HttpCommandExecutor.java:158)
at org.openqa.selenium.remote.service.DriverCommandExecutor.execute(DriverCommandExecutor.java:83)
at org.openqa.selenium.remote.RemoteWebDriver.execute(RemoteWebDriver.java:552)
at org.openqa.selenium.remote.RemoteWebDriver.findElement(RemoteWebDriver.java:323)
at org.openqa.selenium.remote.RemoteWebDriver.findElementByXPath(RemoteWebDriver.java:428)
at org.openqa.selenium.By$ByXPath.findElement(By.java:353)
at org.openqa.selenium.remote.RemoteWebDriver.findElement(RemoteWebDriver.java:315)
at keywords.SettingChangePage.OptionSelector(SettingChangePage.java:42)
at keywords.Settings.waterFreezeSiren(Settings.java:725)
at testcases.UploadAndDownload.WaterFreezeSiren(UploadAndDownload.java:462)
at java.util.ArrayList.forEach(ArrayList.java:1259)
... Removed 31 stack frames]]>
    </failure>
  </testcase> <!-- WaterFreezeSiren -->
  <testcase name="RFJamDetectionAlarm" time="32.416" classname="testcases.UploadAndDownload">
    <failure type="org.openqa.selenium.NoSuchElementException" message="no such element: Unable to locate element: {&amp;quot;method&amp;quot;:&amp;quot;xpath&amp;quot;,&amp;quot;selector&amp;quot;:&amp;quot;//select[@name =&amp;apos;ctl00$phBody$drpNewValue&amp;apos;]&amp;quot;}
  (Session info: chrome=92.0.4515.107)
For documentation on this error, please visit: https://www.seleniumhq.org/exceptions/no_such_element.html
Build info: version: &amp;apos;3.141.59&amp;apos;, revision: &amp;apos;e82be7d358&amp;apos;, time: &amp;apos;2018-11-14T08:17:03&amp;apos;
System info: host: &amp;apos;ubuntu-Inspiron&amp;apos;, ip: &amp;apos;127.0.1.1&amp;apos;, os.name: &amp;apos;Linux&amp;apos;, os.arch: &amp;apos;amd64&amp;apos;, os.version: &amp;apos;5.4.0-91-generic&amp;apos;, java.version: &amp;apos;1.8.0_312&amp;apos;
Driver info: org.openqa.selenium.chrome.ChromeDriver
Capabilities {acceptInsecureCerts: false, browserName: chrome, browserVersion: 92.0.4515.107, chrome: {chromedriverVersion: 91.0.4472.101 (af52a90bf870..., userDataDir: /tmp/.com.google.Chrome.d6Gtv1}, goog:chromeOptions: {debuggerAddress: localhost:42731}, javascriptEnabled: true, networkConnectionEnabled: false, pageLoadStrategy: normal, platform: LINUX, platformName: LINUX, proxy: Proxy(), setWindowRect: true, strictFileInteractability: false, timeouts: {implicit: 0, pageLoad: 300000, script: 30000}, unhandledPromptBehavior: dismiss and notify, webauthn:extension:largeBlob: true, webauthn:virtualAuthenticators: true}
Session ID: 7b5328cf2bd0992532005073ead3e021
*** Element info: {Using=xpath, value=//select[@name =&amp;apos;ctl00$phBody$drpNewValue&amp;apos;]}">
      <![CDATA[org.openqa.selenium.NoSuchElementException: no such element: Unable to locate element: {"method":"xpath","selector":"//select[@name ='ctl00$phBody$drpNewValue']"}
  (Session info: chrome=92.0.4515.107)
For documentation on this error, please visit: https://www.seleniumhq.org/exceptions/no_such_element.html
Build info: version: '3.141.59', revision: 'e82be7d358', time: '2018-11-14T08:17:03'
System info: host: 'ubuntu-Inspiron', ip: '127.0.1.1', os.name: 'Linux', os.arch: 'amd64', os.version: '5.4.0-91-generic', java.version: '1.8.0_312'
Driver info: org.openqa.selenium.chrome.ChromeDriver
Capabilities {acceptInsecureCerts: false, browserName: chrome, browserVersion: 92.0.4515.107, chrome: {chromedriverVersion: 91.0.4472.101 (af52a90bf870..., userDataDir: /tmp/.com.google.Chrome.d6Gtv1}, goog:chromeOptions: {debuggerAddress: localhost:42731}, javascriptEnabled: true, networkConnectionEnabled: false, pageLoadStrategy: normal, platform: LINUX, platformName: LINUX, proxy: Proxy(), setWindowRect: true, strictFileInteractability: false, timeouts: {implicit: 0, pageLoad: 300000, script: 30000}, unhandledPromptBehavior: dismiss and notify, webauthn:extension:largeBlob: true, webauthn:virtualAuthenticators: true}
Session ID: 7b5328cf2bd0992532005073ead3e021
*** Element info: {Using=xpath, value=//select[@name ='ctl00$phBody$drpNewValue']}
at org.openqa.selenium.remote.http.W3CHttpResponseCodec.createException(W3CHttpResponseCodec.java:187)
at org.openqa.selenium.remote.http.W3CHttpResponseCodec.decode(W3CHttpResponseCodec.java:122)
at org.openqa.selenium.remote.http.W3CHttpResponseCodec.decode(W3CHttpResponseCodec.java:49)
at org.openqa.selenium.remote.HttpCommandExecutor.execute(HttpCommandExecutor.java:158)
at org.openqa.selenium.remote.service.DriverCommandExecutor.execute(DriverCommandExecutor.java:83)
at org.openqa.selenium.remote.RemoteWebDriver.execute(RemoteWebDriver.java:552)
at org.openqa.selenium.remote.RemoteWebDriver.findElement(RemoteWebDriver.java:323)
at org.openqa.selenium.remote.RemoteWebDriver.findElementByXPath(RemoteWebDriver.java:428)
at org.openqa.selenium.By$ByXPath.findElement(By.java:353)
at org.openqa.selenium.remote.RemoteWebDriver.findElement(RemoteWebDriver.java:315)
at keywords.SettingChangePage.OptionSelector(SettingChangePage.java:42)
at keywords.Settings.rFJamDetectionAlarm(Settings.java:736)
at testcases.UploadAndDownload.RFJamDetectionAlarm(UploadAndDownload.java:469)
at java.util.ArrayList.forEach(ArrayList.java:1259)
... Removed 31 stack frames]]>
    </failure>
  </testcase> <!-- RFJamDetectionAlarm -->
  <testcase name="OtherZWaveDeviceLimit" time="106.523" classname="testcases.UploadAndDownload"/>
  <testcase name="RFJamDetection" time="103.838" classname="testcases.UploadAndDownload"/>
  <testcase name="RFJamSensitivityLevel" time="103.156" classname="testcases.UploadAndDownload"/>
  <testcase name="AllowKeyfobAlarmDisarm" time="103.99" classname="testcases.UploadAndDownload"/>
  <testcase name="Panelcommunicationtestfrequency" time="103.375" classname="testcases.UploadAndDownload"/>
  <testcase name="Policepanic" time="103.645" classname="testcases.UploadAndDownload"/>
  <testcase name="Firepanic" time="103.124" classname="testcases.UploadAndDownload"/>
  <testcase name="Auxiliarypanic" time="103.207" classname="testcases.UploadAndDownload"/>
  <testcase name="KeyfobDisarming" time="103.124" classname="testcases.UploadAndDownload"/>
  <testcase name="VoicesVolume" time="103.213" classname="testcases.UploadAndDownload"/>
  <testcase name="BeepsandChimesvolume" time="106.328" classname="testcases.UploadAndDownload"/>
  <testcase name="BluetoothDisarm" time="103.735" classname="testcases.UploadAndDownload"/>
  <testcase name="BluetoothDisarmTimeout" time="103.425" classname="testcases.UploadAndDownload"/>
  <testcase name="TouchSounds" time="103.282" classname="testcases.UploadAndDownload"/>
  <testcase name="FontSize" time="103.155" classname="testcases.UploadAndDownload"/>
  <testcase name="Bluetooth" time="103.027" classname="testcases.UploadAndDownload"/>
  <testcase name="SettingPhotos" time="103.152" classname="testcases.UploadAndDownload"/>
  <testcase name="GarageDoorDeviceLimit" time="103.314" classname="testcases.UploadAndDownload"/>
  <testcase name="FireandLifeSafetyDeviceTroubleBeeps" time="102.977" classname="testcases.UploadAndDownload"/>
  <testcase name="SensorTamperTroubleBeeps" time="103.591" classname="testcases.UploadAndDownload"/>
  <testcase name="PanelTamperBeeps" time="103.123" classname="testcases.UploadAndDownload"/>
  <testcase name="SensorLowBatteryBeeps" time="103.349" classname="testcases.UploadAndDownload"/>
  <testcase name="PanelTamper" time="103.083" classname="testcases.UploadAndDownload"/>
  <testcase name="PanelGlassBreakSensor" time="102.889" classname="testcases.UploadAndDownload"/>
  <testcase name="PanelGlassBreakSensorSensitivity" time="103.038" classname="testcases.UploadAndDownload"/>
  <testcase name="SafetySensorSounds" time="102.798" classname="testcases.UploadAndDownload"/>
  <testcase name="SwingerShutdown" time="103.001" classname="testcases.UploadAndDownload"/>
  <testcase name="SwingerShutdownTripCount" time="32.518" classname="testcases.UploadAndDownload">
    <failure type="org.openqa.selenium.NoSuchElementException" message="no such element: Unable to locate element: {&amp;quot;method&amp;quot;:&amp;quot;xpath&amp;quot;,&amp;quot;selector&amp;quot;:&amp;quot;//select[@name =&amp;apos;ctl00$phBody$drpNewValue&amp;apos;]&amp;quot;}
  (Session info: chrome=92.0.4515.107)
For documentation on this error, please visit: https://www.seleniumhq.org/exceptions/no_such_element.html
Build info: version: &amp;apos;3.141.59&amp;apos;, revision: &amp;apos;e82be7d358&amp;apos;, time: &amp;apos;2018-11-14T08:17:03&amp;apos;
System info: host: &amp;apos;ubuntu-Inspiron&amp;apos;, ip: &amp;apos;127.0.1.1&amp;apos;, os.name: &amp;apos;Linux&amp;apos;, os.arch: &amp;apos;amd64&amp;apos;, os.version: &amp;apos;5.4.0-91-generic&amp;apos;, java.version: &amp;apos;1.8.0_312&amp;apos;
Driver info: org.openqa.selenium.chrome.ChromeDriver
Capabilities {acceptInsecureCerts: false, browserName: chrome, browserVersion: 92.0.4515.107, chrome: {chromedriverVersion: 91.0.4472.101 (af52a90bf870..., userDataDir: /tmp/.com.google.Chrome.d6Gtv1}, goog:chromeOptions: {debuggerAddress: localhost:42731}, javascriptEnabled: true, networkConnectionEnabled: false, pageLoadStrategy: normal, platform: LINUX, platformName: LINUX, proxy: Proxy(), setWindowRect: true, strictFileInteractability: false, timeouts: {implicit: 0, pageLoad: 300000, script: 30000}, unhandledPromptBehavior: dismiss and notify, webauthn:extension:largeBlob: true, webauthn:virtualAuthenticators: true}
Session ID: 7b5328cf2bd0992532005073ead3e021
*** Element info: {Using=xpath, value=//select[@name =&amp;apos;ctl00$phBody$drpNewValue&amp;apos;]}">
      <![CDATA[org.openqa.selenium.NoSuchElementException: no such element: Unable to locate element: {"method":"xpath","selector":"//select[@name ='ctl00$phBody$drpNewValue']"}
  (Session info: chrome=92.0.4515.107)
For documentation on this error, please visit: https://www.seleniumhq.org/exceptions/no_such_element.html
Build info: version: '3.141.59', revision: 'e82be7d358', time: '2018-11-14T08:17:03'
System info: host: 'ubuntu-Inspiron', ip: '127.0.1.1', os.name: 'Linux', os.arch: 'amd64', os.version: '5.4.0-91-generic', java.version: '1.8.0_312'
Driver info: org.openqa.selenium.chrome.ChromeDriver
Capabilities {acceptInsecureCerts: false, browserName: chrome, browserVersion: 92.0.4515.107, chrome: {chromedriverVersion: 91.0.4472.101 (af52a90bf870..., userDataDir: /tmp/.com.google.Chrome.d6Gtv1}, goog:chromeOptions: {debuggerAddress: localhost:42731}, javascriptEnabled: true, networkConnectionEnabled: false, pageLoadStrategy: normal, platform: LINUX, platformName: LINUX, proxy: Proxy(), setWindowRect: true, strictFileInteractability: false, timeouts: {implicit: 0, pageLoad: 300000, script: 30000}, unhandledPromptBehavior: dismiss and notify, webauthn:extension:largeBlob: true, webauthn:virtualAuthenticators: true}
Session ID: 7b5328cf2bd0992532005073ead3e021
*** Element info: {Using=xpath, value=//select[@name ='ctl00$phBody$drpNewValue']}
at org.openqa.selenium.remote.http.W3CHttpResponseCodec.createException(W3CHttpResponseCodec.java:187)
at org.openqa.selenium.remote.http.W3CHttpResponseCodec.decode(W3CHttpResponseCodec.java:122)
at org.openqa.selenium.remote.http.W3CHttpResponseCodec.decode(W3CHttpResponseCodec.java:49)
at org.openqa.selenium.remote.HttpCommandExecutor.execute(HttpCommandExecutor.java:158)
at org.openqa.selenium.remote.service.DriverCommandExecutor.execute(DriverCommandExecutor.java:83)
at org.openqa.selenium.remote.RemoteWebDriver.execute(RemoteWebDriver.java:552)
at org.openqa.selenium.remote.RemoteWebDriver.findElement(RemoteWebDriver.java:323)
at org.openqa.selenium.remote.RemoteWebDriver.findElementByXPath(RemoteWebDriver.java:428)
at org.openqa.selenium.By$ByXPath.findElement(By.java:353)
at org.openqa.selenium.remote.RemoteWebDriver.findElement(RemoteWebDriver.java:315)
at keywords.SettingChangePage.OptionSelector(SettingChangePage.java:42)
at keywords.Settings.swingerShutdownTripCount(Settings.java:1044)
at testcases.UploadAndDownload.SwingerShutdownTripCount(UploadAndDownload.java:665)
at java.util.ArrayList.forEach(ArrayList.java:1259)
... Removed 31 stack frames]]>
    </failure>
  </testcase> <!-- SwingerShutdownTripCount -->
  <testcase name="MasterUserAddSensors" time="32.439" classname="testcases.UploadAndDownload">
    <failure type="org.openqa.selenium.NoSuchElementException" message="no such element: Unable to locate element: {&amp;quot;method&amp;quot;:&amp;quot;xpath&amp;quot;,&amp;quot;selector&amp;quot;:&amp;quot;//select[@name =&amp;apos;ctl00$phBody$drpNewValue&amp;apos;]&amp;quot;}
  (Session info: chrome=92.0.4515.107)
For documentation on this error, please visit: https://www.seleniumhq.org/exceptions/no_such_element.html
Build info: version: &amp;apos;3.141.59&amp;apos;, revision: &amp;apos;e82be7d358&amp;apos;, time: &amp;apos;2018-11-14T08:17:03&amp;apos;
System info: host: &amp;apos;ubuntu-Inspiron&amp;apos;, ip: &amp;apos;127.0.1.1&amp;apos;, os.name: &amp;apos;Linux&amp;apos;, os.arch: &amp;apos;amd64&amp;apos;, os.version: &amp;apos;5.4.0-91-generic&amp;apos;, java.version: &amp;apos;1.8.0_312&amp;apos;
Driver info: org.openqa.selenium.chrome.ChromeDriver
Capabilities {acceptInsecureCerts: false, browserName: chrome, browserVersion: 92.0.4515.107, chrome: {chromedriverVersion: 91.0.4472.101 (af52a90bf870..., userDataDir: /tmp/.com.google.Chrome.d6Gtv1}, goog:chromeOptions: {debuggerAddress: localhost:42731}, javascriptEnabled: true, networkConnectionEnabled: false, pageLoadStrategy: normal, platform: LINUX, platformName: LINUX, proxy: Proxy(), setWindowRect: true, strictFileInteractability: false, timeouts: {implicit: 0, pageLoad: 300000, script: 30000}, unhandledPromptBehavior: dismiss and notify, webauthn:extension:largeBlob: true, webauthn:virtualAuthenticators: true}
Session ID: 7b5328cf2bd0992532005073ead3e021
*** Element info: {Using=xpath, value=//select[@name =&amp;apos;ctl00$phBody$drpNewValue&amp;apos;]}">
      <![CDATA[org.openqa.selenium.NoSuchElementException: no such element: Unable to locate element: {"method":"xpath","selector":"//select[@name ='ctl00$phBody$drpNewValue']"}
  (Session info: chrome=92.0.4515.107)
For documentation on this error, please visit: https://www.seleniumhq.org/exceptions/no_such_element.html
Build info: version: '3.141.59', revision: 'e82be7d358', time: '2018-11-14T08:17:03'
System info: host: 'ubuntu-Inspiron', ip: '127.0.1.1', os.name: 'Linux', os.arch: 'amd64', os.version: '5.4.0-91-generic', java.version: '1.8.0_312'
Driver info: org.openqa.selenium.chrome.ChromeDriver
Capabilities {acceptInsecureCerts: false, browserName: chrome, browserVersion: 92.0.4515.107, chrome: {chromedriverVersion: 91.0.4472.101 (af52a90bf870..., userDataDir: /tmp/.com.google.Chrome.d6Gtv1}, goog:chromeOptions: {debuggerAddress: localhost:42731}, javascriptEnabled: true, networkConnectionEnabled: false, pageLoadStrategy: normal, platform: LINUX, platformName: LINUX, proxy: Proxy(), setWindowRect: true, strictFileInteractability: false, timeouts: {implicit: 0, pageLoad: 300000, script: 30000}, unhandledPromptBehavior: dismiss and notify, webauthn:extension:largeBlob: true, webauthn:virtualAuthenticators: true}
Session ID: 7b5328cf2bd0992532005073ead3e021
*** Element info: {Using=xpath, value=//select[@name ='ctl00$phBody$drpNewValue']}
at org.openqa.selenium.remote.http.W3CHttpResponseCodec.createException(W3CHttpResponseCodec.java:187)
at org.openqa.selenium.remote.http.W3CHttpResponseCodec.decode(W3CHttpResponseCodec.java:122)
at org.openqa.selenium.remote.http.W3CHttpResponseCodec.decode(W3CHttpResponseCodec.java:49)
at org.openqa.selenium.remote.HttpCommandExecutor.execute(HttpCommandExecutor.java:158)
at org.openqa.selenium.remote.service.DriverCommandExecutor.execute(DriverCommandExecutor.java:83)
at org.openqa.selenium.remote.RemoteWebDriver.execute(RemoteWebDriver.java:552)
at org.openqa.selenium.remote.RemoteWebDriver.findElement(RemoteWebDriver.java:323)
at org.openqa.selenium.remote.RemoteWebDriver.findElementByXPath(RemoteWebDriver.java:428)
at org.openqa.selenium.By$ByXPath.findElement(By.java:353)
at org.openqa.selenium.remote.RemoteWebDriver.findElement(RemoteWebDriver.java:315)
at keywords.SettingChangePage.OptionSelector(SettingChangePage.java:42)
at keywords.Settings.masterUserAddSensors(Settings.java:1055)
at testcases.UploadAndDownload.MasterUserAddSensors(UploadAndDownload.java:672)
at java.util.ArrayList.forEach(ArrayList.java:1259)
... Removed 31 stack frames]]>
    </failure>
  </testcase> <!-- MasterUserAddSensors -->
  <testcase name="NightTimeModeSetting" time="32.401" classname="testcases.UploadAndDownload">
    <failure type="org.openqa.selenium.NoSuchElementException" message="no such element: Unable to locate element: {&amp;quot;method&amp;quot;:&amp;quot;xpath&amp;quot;,&amp;quot;selector&amp;quot;:&amp;quot;//select[@name =&amp;apos;ctl00$phBody$drpNewValue&amp;apos;]&amp;quot;}
  (Session info: chrome=92.0.4515.107)
For documentation on this error, please visit: https://www.seleniumhq.org/exceptions/no_such_element.html
Build info: version: &amp;apos;3.141.59&amp;apos;, revision: &amp;apos;e82be7d358&amp;apos;, time: &amp;apos;2018-11-14T08:17:03&amp;apos;
System info: host: &amp;apos;ubuntu-Inspiron&amp;apos;, ip: &amp;apos;127.0.1.1&amp;apos;, os.name: &amp;apos;Linux&amp;apos;, os.arch: &amp;apos;amd64&amp;apos;, os.version: &amp;apos;5.4.0-91-generic&amp;apos;, java.version: &amp;apos;1.8.0_312&amp;apos;
Driver info: org.openqa.selenium.chrome.ChromeDriver
Capabilities {acceptInsecureCerts: false, browserName: chrome, browserVersion: 92.0.4515.107, chrome: {chromedriverVersion: 91.0.4472.101 (af52a90bf870..., userDataDir: /tmp/.com.google.Chrome.d6Gtv1}, goog:chromeOptions: {debuggerAddress: localhost:42731}, javascriptEnabled: true, networkConnectionEnabled: false, pageLoadStrategy: normal, platform: LINUX, platformName: LINUX, proxy: Proxy(), setWindowRect: true, strictFileInteractability: false, timeouts: {implicit: 0, pageLoad: 300000, script: 30000}, unhandledPromptBehavior: dismiss and notify, webauthn:extension:largeBlob: true, webauthn:virtualAuthenticators: true}
Session ID: 7b5328cf2bd0992532005073ead3e021
*** Element info: {Using=xpath, value=//select[@name =&amp;apos;ctl00$phBody$drpNewValue&amp;apos;]}">
      <![CDATA[org.openqa.selenium.NoSuchElementException: no such element: Unable to locate element: {"method":"xpath","selector":"//select[@name ='ctl00$phBody$drpNewValue']"}
  (Session info: chrome=92.0.4515.107)
For documentation on this error, please visit: https://www.seleniumhq.org/exceptions/no_such_element.html
Build info: version: '3.141.59', revision: 'e82be7d358', time: '2018-11-14T08:17:03'
System info: host: 'ubuntu-Inspiron', ip: '127.0.1.1', os.name: 'Linux', os.arch: 'amd64', os.version: '5.4.0-91-generic', java.version: '1.8.0_312'
Driver info: org.openqa.selenium.chrome.ChromeDriver
Capabilities {acceptInsecureCerts: false, browserName: chrome, browserVersion: 92.0.4515.107, chrome: {chromedriverVersion: 91.0.4472.101 (af52a90bf870..., userDataDir: /tmp/.com.google.Chrome.d6Gtv1}, goog:chromeOptions: {debuggerAddress: localhost:42731}, javascriptEnabled: true, networkConnectionEnabled: false, pageLoadStrategy: normal, platform: LINUX, platformName: LINUX, proxy: Proxy(), setWindowRect: true, strictFileInteractability: false, timeouts: {implicit: 0, pageLoad: 300000, script: 30000}, unhandledPromptBehavior: dismiss and notify, webauthn:extension:largeBlob: true, webauthn:virtualAuthenticators: true}
Session ID: 7b5328cf2bd0992532005073ead3e021
*** Element info: {Using=xpath, value=//select[@name ='ctl00$phBody$drpNewValue']}
at org.openqa.selenium.remote.http.W3CHttpResponseCodec.createException(W3CHttpResponseCodec.java:187)
at org.openqa.selenium.remote.http.W3CHttpResponseCodec.decode(W3CHttpResponseCodec.java:122)
at org.openqa.selenium.remote.http.W3CHttpResponseCodec.decode(W3CHttpResponseCodec.java:49)
at org.openqa.selenium.remote.HttpCommandExecutor.execute(HttpCommandExecutor.java:158)
at org.openqa.selenium.remote.service.DriverCommandExecutor.execute(DriverCommandExecutor.java:83)
at org.openqa.selenium.remote.RemoteWebDriver.execute(RemoteWebDriver.java:552)
at org.openqa.selenium.remote.RemoteWebDriver.findElement(RemoteWebDriver.java:323)
at org.openqa.selenium.remote.RemoteWebDriver.findElementByXPath(RemoteWebDriver.java:428)
at org.openqa.selenium.By$ByXPath.findElement(By.java:353)
at org.openqa.selenium.remote.RemoteWebDriver.findElement(RemoteWebDriver.java:315)
at keywords.SettingChangePage.OptionSelector(SettingChangePage.java:42)
at keywords.Settings.nightTimeModeSetting(Settings.java:1066)
at testcases.UploadAndDownload.NightTimeModeSetting(UploadAndDownload.java:679)
at java.util.ArrayList.forEach(ArrayList.java:1259)
... Removed 31 stack frames]]>
    </failure>
  </testcase> <!-- NightTimeModeSetting -->
  <testcase name="SensorAutoLearnOpenCloseReports" time="32.387" classname="testcases.UploadAndDownload">
    <failure type="org.openqa.selenium.NoSuchElementException" message="no such element: Unable to locate element: {&amp;quot;method&amp;quot;:&amp;quot;xpath&amp;quot;,&amp;quot;selector&amp;quot;:&amp;quot;//select[@name =&amp;apos;ctl00$phBody$drpNewValue&amp;apos;]&amp;quot;}
  (Session info: chrome=92.0.4515.107)
For documentation on this error, please visit: https://www.seleniumhq.org/exceptions/no_such_element.html
Build info: version: &amp;apos;3.141.59&amp;apos;, revision: &amp;apos;e82be7d358&amp;apos;, time: &amp;apos;2018-11-14T08:17:03&amp;apos;
System info: host: &amp;apos;ubuntu-Inspiron&amp;apos;, ip: &amp;apos;127.0.1.1&amp;apos;, os.name: &amp;apos;Linux&amp;apos;, os.arch: &amp;apos;amd64&amp;apos;, os.version: &amp;apos;5.4.0-91-generic&amp;apos;, java.version: &amp;apos;1.8.0_312&amp;apos;
Driver info: org.openqa.selenium.chrome.ChromeDriver
Capabilities {acceptInsecureCerts: false, browserName: chrome, browserVersion: 92.0.4515.107, chrome: {chromedriverVersion: 91.0.4472.101 (af52a90bf870..., userDataDir: /tmp/.com.google.Chrome.d6Gtv1}, goog:chromeOptions: {debuggerAddress: localhost:42731}, javascriptEnabled: true, networkConnectionEnabled: false, pageLoadStrategy: normal, platform: LINUX, platformName: LINUX, proxy: Proxy(), setWindowRect: true, strictFileInteractability: false, timeouts: {implicit: 0, pageLoad: 300000, script: 30000}, unhandledPromptBehavior: dismiss and notify, webauthn:extension:largeBlob: true, webauthn:virtualAuthenticators: true}
Session ID: 7b5328cf2bd0992532005073ead3e021
*** Element info: {Using=xpath, value=//select[@name =&amp;apos;ctl00$phBody$drpNewValue&amp;apos;]}">
      <![CDATA[org.openqa.selenium.NoSuchElementException: no such element: Unable to locate element: {"method":"xpath","selector":"//select[@name ='ctl00$phBody$drpNewValue']"}
  (Session info: chrome=92.0.4515.107)
For documentation on this error, please visit: https://www.seleniumhq.org/exceptions/no_such_element.html
Build info: version: '3.141.59', revision: 'e82be7d358', time: '2018-11-14T08:17:03'
System info: host: 'ubuntu-Inspiron', ip: '127.0.1.1', os.name: 'Linux', os.arch: 'amd64', os.version: '5.4.0-91-generic', java.version: '1.8.0_312'
Driver info: org.openqa.selenium.chrome.ChromeDriver
Capabilities {acceptInsecureCerts: false, browserName: chrome, browserVersion: 92.0.4515.107, chrome: {chromedriverVersion: 91.0.4472.101 (af52a90bf870..., userDataDir: /tmp/.com.google.Chrome.d6Gtv1}, goog:chromeOptions: {debuggerAddress: localhost:42731}, javascriptEnabled: true, networkConnectionEnabled: false, pageLoadStrategy: normal, platform: LINUX, platformName: LINUX, proxy: Proxy(), setWindowRect: true, strictFileInteractability: false, timeouts: {implicit: 0, pageLoad: 300000, script: 30000}, unhandledPromptBehavior: dismiss and notify, webauthn:extension:largeBlob: true, webauthn:virtualAuthenticators: true}
Session ID: 7b5328cf2bd0992532005073ead3e021
*** Element info: {Using=xpath, value=//select[@name ='ctl00$phBody$drpNewValue']}
at org.openqa.selenium.remote.http.W3CHttpResponseCodec.createException(W3CHttpResponseCodec.java:187)
at org.openqa.selenium.remote.http.W3CHttpResponseCodec.decode(W3CHttpResponseCodec.java:122)
at org.openqa.selenium.remote.http.W3CHttpResponseCodec.decode(W3CHttpResponseCodec.java:49)
at org.openqa.selenium.remote.HttpCommandExecutor.execute(HttpCommandExecutor.java:158)
at org.openqa.selenium.remote.service.DriverCommandExecutor.execute(DriverCommandExecutor.java:83)
at org.openqa.selenium.remote.RemoteWebDriver.execute(RemoteWebDriver.java:552)
at org.openqa.selenium.remote.RemoteWebDriver.findElement(RemoteWebDriver.java:323)
at org.openqa.selenium.remote.RemoteWebDriver.findElementByXPath(RemoteWebDriver.java:428)
at org.openqa.selenium.By$ByXPath.findElement(By.java:353)
at org.openqa.selenium.remote.RemoteWebDriver.findElement(RemoteWebDriver.java:315)
at keywords.SettingChangePage.OptionSelector(SettingChangePage.java:42)
at keywords.Settings.sensorAutoLearnOpenCloseReports(Settings.java:1077)
at testcases.UploadAndDownload.SensorAutoLearnOpenCloseReports(UploadAndDownload.java:686)
at java.util.ArrayList.forEach(ArrayList.java:1259)
... Removed 31 stack frames]]>
    </failure>
  </testcase> <!-- SensorAutoLearnOpenCloseReports -->
  <testcase name="PanelWiFiConnectivityWarningPrompts" time="32.433" classname="testcases.UploadAndDownload">
    <failure type="org.openqa.selenium.NoSuchElementException" message="no such element: Unable to locate element: {&amp;quot;method&amp;quot;:&amp;quot;xpath&amp;quot;,&amp;quot;selector&amp;quot;:&amp;quot;//select[@name =&amp;apos;ctl00$phBody$drpNewValue&amp;apos;]&amp;quot;}
  (Session info: chrome=92.0.4515.107)
For documentation on this error, please visit: https://www.seleniumhq.org/exceptions/no_such_element.html
Build info: version: &amp;apos;3.141.59&amp;apos;, revision: &amp;apos;e82be7d358&amp;apos;, time: &amp;apos;2018-11-14T08:17:03&amp;apos;
System info: host: &amp;apos;ubuntu-Inspiron&amp;apos;, ip: &amp;apos;127.0.1.1&amp;apos;, os.name: &amp;apos;Linux&amp;apos;, os.arch: &amp;apos;amd64&amp;apos;, os.version: &amp;apos;5.4.0-91-generic&amp;apos;, java.version: &amp;apos;1.8.0_312&amp;apos;
Driver info: org.openqa.selenium.chrome.ChromeDriver
Capabilities {acceptInsecureCerts: false, browserName: chrome, browserVersion: 92.0.4515.107, chrome: {chromedriverVersion: 91.0.4472.101 (af52a90bf870..., userDataDir: /tmp/.com.google.Chrome.d6Gtv1}, goog:chromeOptions: {debuggerAddress: localhost:42731}, javascriptEnabled: true, networkConnectionEnabled: false, pageLoadStrategy: normal, platform: LINUX, platformName: LINUX, proxy: Proxy(), setWindowRect: true, strictFileInteractability: false, timeouts: {implicit: 0, pageLoad: 300000, script: 30000}, unhandledPromptBehavior: dismiss and notify, webauthn:extension:largeBlob: true, webauthn:virtualAuthenticators: true}
Session ID: 7b5328cf2bd0992532005073ead3e021
*** Element info: {Using=xpath, value=//select[@name =&amp;apos;ctl00$phBody$drpNewValue&amp;apos;]}">
      <![CDATA[org.openqa.selenium.NoSuchElementException: no such element: Unable to locate element: {"method":"xpath","selector":"//select[@name ='ctl00$phBody$drpNewValue']"}
  (Session info: chrome=92.0.4515.107)
For documentation on this error, please visit: https://www.seleniumhq.org/exceptions/no_such_element.html
Build info: version: '3.141.59', revision: 'e82be7d358', time: '2018-11-14T08:17:03'
System info: host: 'ubuntu-Inspiron', ip: '127.0.1.1', os.name: 'Linux', os.arch: 'amd64', os.version: '5.4.0-91-generic', java.version: '1.8.0_312'
Driver info: org.openqa.selenium.chrome.ChromeDriver
Capabilities {acceptInsecureCerts: false, browserName: chrome, browserVersion: 92.0.4515.107, chrome: {chromedriverVersion: 91.0.4472.101 (af52a90bf870..., userDataDir: /tmp/.com.google.Chrome.d6Gtv1}, goog:chromeOptions: {debuggerAddress: localhost:42731}, javascriptEnabled: true, networkConnectionEnabled: false, pageLoadStrategy: normal, platform: LINUX, platformName: LINUX, proxy: Proxy(), setWindowRect: true, strictFileInteractability: false, timeouts: {implicit: 0, pageLoad: 300000, script: 30000}, unhandledPromptBehavior: dismiss and notify, webauthn:extension:largeBlob: true, webauthn:virtualAuthenticators: true}
Session ID: 7b5328cf2bd0992532005073ead3e021
*** Element info: {Using=xpath, value=//select[@name ='ctl00$phBody$drpNewValue']}
at org.openqa.selenium.remote.http.W3CHttpResponseCodec.createException(W3CHttpResponseCodec.java:187)
at org.openqa.selenium.remote.http.W3CHttpResponseCodec.decode(W3CHttpResponseCodec.java:122)
at org.openqa.selenium.remote.http.W3CHttpResponseCodec.decode(W3CHttpResponseCodec.java:49)
at org.openqa.selenium.remote.HttpCommandExecutor.execute(HttpCommandExecutor.java:158)
at org.openqa.selenium.remote.service.DriverCommandExecutor.execute(DriverCommandExecutor.java:83)
at org.openqa.selenium.remote.RemoteWebDriver.execute(RemoteWebDriver.java:552)
at org.openqa.selenium.remote.RemoteWebDriver.findElement(RemoteWebDriver.java:323)
at org.openqa.selenium.remote.RemoteWebDriver.findElementByXPath(RemoteWebDriver.java:428)
at org.openqa.selenium.By$ByXPath.findElement(By.java:353)
at org.openqa.selenium.remote.RemoteWebDriver.findElement(RemoteWebDriver.java:315)
at keywords.SettingChangePage.OptionSelector(SettingChangePage.java:42)
at keywords.Settings.panelWiFiConnectivityWarningPrompts(Settings.java:1088)
at testcases.UploadAndDownload.PanelWiFiConnectivityWarningPrompts(UploadAndDownload.java:693)
at java.util.ArrayList.forEach(ArrayList.java:1259)
... Removed 31 stack frames]]>
    </failure>
  </testcase> <!-- PanelWiFiConnectivityWarningPrompts -->
  <testcase name="panelCameraMotionDetector" time="32.443" classname="testcases.UploadAndDownload">
    <failure type="org.openqa.selenium.NoSuchElementException" message="no such element: Unable to locate element: {&amp;quot;method&amp;quot;:&amp;quot;xpath&amp;quot;,&amp;quot;selector&amp;quot;:&amp;quot;//select[@name =&amp;apos;ctl00$phBody$drpNewValue&amp;apos;]&amp;quot;}
  (Session info: chrome=92.0.4515.107)
For documentation on this error, please visit: https://www.seleniumhq.org/exceptions/no_such_element.html
Build info: version: &amp;apos;3.141.59&amp;apos;, revision: &amp;apos;e82be7d358&amp;apos;, time: &amp;apos;2018-11-14T08:17:03&amp;apos;
System info: host: &amp;apos;ubuntu-Inspiron&amp;apos;, ip: &amp;apos;127.0.1.1&amp;apos;, os.name: &amp;apos;Linux&amp;apos;, os.arch: &amp;apos;amd64&amp;apos;, os.version: &amp;apos;5.4.0-91-generic&amp;apos;, java.version: &amp;apos;1.8.0_312&amp;apos;
Driver info: org.openqa.selenium.chrome.ChromeDriver
Capabilities {acceptInsecureCerts: false, browserName: chrome, browserVersion: 92.0.4515.107, chrome: {chromedriverVersion: 91.0.4472.101 (af52a90bf870..., userDataDir: /tmp/.com.google.Chrome.d6Gtv1}, goog:chromeOptions: {debuggerAddress: localhost:42731}, javascriptEnabled: true, networkConnectionEnabled: false, pageLoadStrategy: normal, platform: LINUX, platformName: LINUX, proxy: Proxy(), setWindowRect: true, strictFileInteractability: false, timeouts: {implicit: 0, pageLoad: 300000, script: 30000}, unhandledPromptBehavior: dismiss and notify, webauthn:extension:largeBlob: true, webauthn:virtualAuthenticators: true}
Session ID: 7b5328cf2bd0992532005073ead3e021
*** Element info: {Using=xpath, value=//select[@name =&amp;apos;ctl00$phBody$drpNewValue&amp;apos;]}">
      <![CDATA[org.openqa.selenium.NoSuchElementException: no such element: Unable to locate element: {"method":"xpath","selector":"//select[@name ='ctl00$phBody$drpNewValue']"}
  (Session info: chrome=92.0.4515.107)
For documentation on this error, please visit: https://www.seleniumhq.org/exceptions/no_such_element.html
Build info: version: '3.141.59', revision: 'e82be7d358', time: '2018-11-14T08:17:03'
System info: host: 'ubuntu-Inspiron', ip: '127.0.1.1', os.name: 'Linux', os.arch: 'amd64', os.version: '5.4.0-91-generic', java.version: '1.8.0_312'
Driver info: org.openqa.selenium.chrome.ChromeDriver
Capabilities {acceptInsecureCerts: false, browserName: chrome, browserVersion: 92.0.4515.107, chrome: {chromedriverVersion: 91.0.4472.101 (af52a90bf870..., userDataDir: /tmp/.com.google.Chrome.d6Gtv1}, goog:chromeOptions: {debuggerAddress: localhost:42731}, javascriptEnabled: true, networkConnectionEnabled: false, pageLoadStrategy: normal, platform: LINUX, platformName: LINUX, proxy: Proxy(), setWindowRect: true, strictFileInteractability: false, timeouts: {implicit: 0, pageLoad: 300000, script: 30000}, unhandledPromptBehavior: dismiss and notify, webauthn:extension:largeBlob: true, webauthn:virtualAuthenticators: true}
Session ID: 7b5328cf2bd0992532005073ead3e021
*** Element info: {Using=xpath, value=//select[@name ='ctl00$phBody$drpNewValue']}
at org.openqa.selenium.remote.http.W3CHttpResponseCodec.createException(W3CHttpResponseCodec.java:187)
at org.openqa.selenium.remote.http.W3CHttpResponseCodec.decode(W3CHttpResponseCodec.java:122)
at org.openqa.selenium.remote.http.W3CHttpResponseCodec.decode(W3CHttpResponseCodec.java:49)
at org.openqa.selenium.remote.HttpCommandExecutor.execute(HttpCommandExecutor.java:158)
at org.openqa.selenium.remote.service.DriverCommandExecutor.execute(DriverCommandExecutor.java:83)
at org.openqa.selenium.remote.RemoteWebDriver.execute(RemoteWebDriver.java:552)
at org.openqa.selenium.remote.RemoteWebDriver.findElement(RemoteWebDriver.java:323)
at org.openqa.selenium.remote.RemoteWebDriver.findElementByXPath(RemoteWebDriver.java:428)
at org.openqa.selenium.By$ByXPath.findElement(By.java:353)
at org.openqa.selenium.remote.RemoteWebDriver.findElement(RemoteWebDriver.java:315)
at keywords.SettingChangePage.OptionSelector(SettingChangePage.java:42)
at keywords.Settings.panelCameraMotionDetector(Settings.java:1099)
at testcases.UploadAndDownload.panelCameraMotionDetector(UploadAndDownload.java:700)
at java.util.ArrayList.forEach(ArrayList.java:1259)
... Removed 31 stack frames]]>
    </failure>
  </testcase> <!-- panelCameraMotionDetector -->
  <testcase name="ZWavePrimaryController" time="32.446" classname="testcases.UploadAndDownload">
    <failure type="org.openqa.selenium.NoSuchElementException" message="no such element: Unable to locate element: {&amp;quot;method&amp;quot;:&amp;quot;xpath&amp;quot;,&amp;quot;selector&amp;quot;:&amp;quot;//select[@name =&amp;apos;ctl00$phBody$drpNewValue&amp;apos;]&amp;quot;}
  (Session info: chrome=92.0.4515.107)
For documentation on this error, please visit: https://www.seleniumhq.org/exceptions/no_such_element.html
Build info: version: &amp;apos;3.141.59&amp;apos;, revision: &amp;apos;e82be7d358&amp;apos;, time: &amp;apos;2018-11-14T08:17:03&amp;apos;
System info: host: &amp;apos;ubuntu-Inspiron&amp;apos;, ip: &amp;apos;127.0.1.1&amp;apos;, os.name: &amp;apos;Linux&amp;apos;, os.arch: &amp;apos;amd64&amp;apos;, os.version: &amp;apos;5.4.0-91-generic&amp;apos;, java.version: &amp;apos;1.8.0_312&amp;apos;
Driver info: org.openqa.selenium.chrome.ChromeDriver
Capabilities {acceptInsecureCerts: false, browserName: chrome, browserVersion: 92.0.4515.107, chrome: {chromedriverVersion: 91.0.4472.101 (af52a90bf870..., userDataDir: /tmp/.com.google.Chrome.d6Gtv1}, goog:chromeOptions: {debuggerAddress: localhost:42731}, javascriptEnabled: true, networkConnectionEnabled: false, pageLoadStrategy: normal, platform: LINUX, platformName: LINUX, proxy: Proxy(), setWindowRect: true, strictFileInteractability: false, timeouts: {implicit: 0, pageLoad: 300000, script: 30000}, unhandledPromptBehavior: dismiss and notify, webauthn:extension:largeBlob: true, webauthn:virtualAuthenticators: true}
Session ID: 7b5328cf2bd0992532005073ead3e021
*** Element info: {Using=xpath, value=//select[@name =&amp;apos;ctl00$phBody$drpNewValue&amp;apos;]}">
      <![CDATA[org.openqa.selenium.NoSuchElementException: no such element: Unable to locate element: {"method":"xpath","selector":"//select[@name ='ctl00$phBody$drpNewValue']"}
  (Session info: chrome=92.0.4515.107)
For documentation on this error, please visit: https://www.seleniumhq.org/exceptions/no_such_element.html
Build info: version: '3.141.59', revision: 'e82be7d358', time: '2018-11-14T08:17:03'
System info: host: 'ubuntu-Inspiron', ip: '127.0.1.1', os.name: 'Linux', os.arch: 'amd64', os.version: '5.4.0-91-generic', java.version: '1.8.0_312'
Driver info: org.openqa.selenium.chrome.ChromeDriver
Capabilities {acceptInsecureCerts: false, browserName: chrome, browserVersion: 92.0.4515.107, chrome: {chromedriverVersion: 91.0.4472.101 (af52a90bf870..., userDataDir: /tmp/.com.google.Chrome.d6Gtv1}, goog:chromeOptions: {debuggerAddress: localhost:42731}, javascriptEnabled: true, networkConnectionEnabled: false, pageLoadStrategy: normal, platform: LINUX, platformName: LINUX, proxy: Proxy(), setWindowRect: true, strictFileInteractability: false, timeouts: {implicit: 0, pageLoad: 300000, script: 30000}, unhandledPromptBehavior: dismiss and notify, webauthn:extension:largeBlob: true, webauthn:virtualAuthenticators: true}
Session ID: 7b5328cf2bd0992532005073ead3e021
*** Element info: {Using=xpath, value=//select[@name ='ctl00$phBody$drpNewValue']}
at org.openqa.selenium.remote.http.W3CHttpResponseCodec.createException(W3CHttpResponseCodec.java:187)
at org.openqa.selenium.remote.http.W3CHttpResponseCodec.decode(W3CHttpResponseCodec.java:122)
[...]
Driver info: org.openqa.selenium.chrome.ChromeDriver
Capabilities {acceptInsecureCerts: false, browserName: chrome, browserVersion: 92.0.4515.107, chrome: {chromedriverVersion: 91.0.4472.101 (af52a90bf870..., userDataDir: /tmp/.com.google.Chrome.d6Gtv1}, goog:chromeOptions: {debuggerAddress: localhost:42731}, javascriptEnabled: true, networkConnectionEnabled: false, pageLoadStrategy: normal, platform: LINUX, platformName: LINUX, proxy: Proxy(), setWindowRect: true, strictFileInteractability: false, timeouts: {implicit: 0, pageLoad: 300000, script: 30000}, unhandledPromptBehavior: dismiss and notify, webauthn:extension:largeBlob: true, webauthn:virtualAuthenticators: true}
Session ID: 7b5328cf2bd0992532005073ead3e021
*** Element info: {Using=xpath, value=//span[text()=&amp;apos;IQ Remote Reset Authentication&amp;apos;]/parent::span/parent::td/following-sibling::td[4]/button}">
      <![CDATA[org.openqa.selenium.NoSuchWindowException: no such window: target window already closed
from unknown error: web view not found
  (Session info: chrome=92.0.4515.107)
Build info: version: '3.141.59', revision: 'e82be7d358', time: '2018-11-14T08:17:03'
System info: host: 'ubuntu-Inspiron', ip: '127.0.1.1', os.name: 'Linux', os.arch: 'amd64', os.version: '5.4.0-91-generic', java.version: '1.8.0_312'
Driver info: org.openqa.selenium.chrome.ChromeDriver
Capabilities {acceptInsecureCerts: false, browserName: chrome, browserVersion: 92.0.4515.107, chrome: {chromedriverVersion: 91.0.4472.101 (af52a90bf870..., userDataDir: /tmp/.com.google.Chrome.d6Gtv1}, goog:chromeOptions: {debuggerAddress: localhost:42731}, javascriptEnabled: true, networkConnectionEnabled: false, pageLoadStrategy: normal, platform: LINUX, platformName: LINUX, proxy: Proxy(), setWindowRect: true, strictFileInteractability: false, timeouts: {implicit: 0, pageLoad: 300000, script: 30000}, unhandledPromptBehavior: dismiss and notify, webauthn:extension:largeBlob: true, webauthn:virtualAuthenticators: true}
Session ID: 7b5328cf2bd0992532005073ead3e021
*** Element info: {Using=xpath, value=//span[text()='IQ Remote Reset Authentication']/parent::span/parent::td/following-sibling::td[4]/button}
at org.openqa.selenium.remote.http.W3CHttpResponseCodec.createException(W3CHttpResponseCodec.java:187)
at org.openqa.selenium.remote.http.W3CHttpResponseCodec.decode(W3CHttpResponseCodec.java:122)
at org.openqa.selenium.remote.http.W3CHttpResponseCodec.decode(W3CHttpResponseCodec.java:49)
at org.openqa.selenium.remote.HttpCommandExecutor.execute(HttpCommandExecutor.java:158)
at org.openqa.selenium.remote.service.DriverCommandExecutor.execute(DriverCommandExecutor.java:83)
at org.openqa.selenium.remote.RemoteWebDriver.execute(RemoteWebDriver.java:552)
at org.openqa.selenium.remote.RemoteWebDriver.findElement(RemoteWebDriver.java:323)
at org.openqa.selenium.remote.RemoteWebDriver.findElementByXPath(RemoteWebDriver.java:428)
at org.openqa.selenium.By$ByXPath.findElement(By.java:353)
at org.openqa.selenium.remote.RemoteWebDriver.findElement(RemoteWebDriver.java:315)
at keywords.SettingChangePopup.clickSetting(SettingChangePopup.java:14)
at keywords.Settings.iQRemoteResetAuthentication(Settings.java:1560)
at testcases.UploadAndDownload.IQRemoteResetAuthentication(UploadAndDownload.java:1057)
at java.util.ArrayList.forEach(ArrayList.java:1259)
... Removed 30 stack frames]]>
    </failure>
  </testcase> <!-- IQRemoteResetAuthentication -->
  <testcase name="UKFinalExitDoorArming" time="6.01" classname="testcases.UploadAndDownload">
    <failure type="org.openqa.selenium.NoSuchWindowException" message="no such window: target window already closed
from unknown error: web view not found
  (Session info: chrome=92.0.4515.107)
Build info: version: &amp;apos;3.141.59&amp;apos;, revision: &amp;apos;e82be7d358&amp;apos;, time: &amp;apos;2018-11-14T08:17:03&amp;apos;
System info: host: &amp;apos;ubuntu-Inspiron&amp;apos;, ip: &amp;apos;127.0.1.1&amp;apos;, os.name: &amp;apos;Linux&amp;apos;, os.arch: &amp;apos;amd64&amp;apos;, os.version: &amp;apos;5.4.0-91-generic&amp;apos;, java.version: &amp;apos;1.8.0_312&amp;apos;
Driver info: org.openqa.selenium.chrome.ChromeDriver
Capabilities {acceptInsecureCerts: false, browserName: chrome, browserVersion: 92.0.4515.107, chrome: {chromedriverVersion: 91.0.4472.101 (af52a90bf870..., userDataDir: /tmp/.com.google.Chrome.d6Gtv1}, goog:chromeOptions: {debuggerAddress: localhost:42731}, javascriptEnabled: true, networkConnectionEnabled: false, pageLoadStrategy: normal, platform: LINUX, platformName: LINUX, proxy: Proxy(), setWindowRect: true, strictFileInteractability: false, timeouts: {implicit: 0, pageLoad: 300000, script: 30000}, unhandledPromptBehavior: dismiss and notify, webauthn:extension:largeBlob: true, webauthn:virtualAuthenticators: true}
Session ID: 7b5328cf2bd0992532005073ead3e021
*** Element info: {Using=xpath, value=//span[text()=&amp;apos;UK Final Exit Door Arming&amp;apos;]/parent::span/parent::td/following-sibling::td[4]/button}">
      <![CDATA[org.openqa.selenium.NoSuchWindowException: no such window: target window already closed
from unknown error: web view not found
  (Session info: chrome=92.0.4515.107)
Build info: version: '3.141.59', revision: 'e82be7d358', time: '2018-11-14T08:17:03'
System info: host: 'ubuntu-Inspiron', ip: '127.0.1.1', os.name: 'Linux', os.arch: 'amd64', os.version: '5.4.0-91-generic', java.version: '1.8.0_312'
Driver info: org.openqa.selenium.chrome.ChromeDriver
Capabilities {acceptInsecureCerts: false, browserName: chrome, browserVersion: 92.0.4515.107, chrome: {chromedriverVersion: 91.0.4472.101 (af52a90bf870..., userDataDir: /tmp/.com.google.Chrome.d6Gtv1}, goog:chromeOptions: {debuggerAddress: localhost:42731}, javascriptEnabled: true, networkConnectionEnabled: false, pageLoadStrategy: normal, platform: LINUX, platformName: LINUX, proxy: Proxy(), setWindowRect: true, strictFileInteractability: false, timeouts: {implicit: 0, pageLoad: 300000, script: 30000}, unhandledPromptBehavior: dismiss and notify, webauthn:extension:largeBlob: true, webauthn:virtualAuthenticators: true}
Session ID: 7b5328cf2bd0992532005073ead3e021
*** Element info: {Using=xpath, value=//span[text()='UK Final Exit Door Arming']/parent::span/parent::td/following-sibling::td[4]/button}
at org.openqa.selenium.remote.http.W3CHttpResponseCodec.createException(W3CHttpResponseCodec.java:187)
at org.openqa.selenium.remote.http.W3CHttpResponseCodec.decode(W3CHttpResponseCodec.java:122)
at org.openqa.selenium.remote.http.W3CHttpResponseCodec.decode(W3CHttpResponseCodec.java:49)
at org.openqa.selenium.remote.HttpCommandExecutor.execute(HttpCommandExecutor.java:158)
at org.openqa.selenium.remote.service.DriverCommandExecutor.execute(DriverCommandExecutor.java:83)
at org.openqa.selenium.remote.RemoteWebDriver.execute(RemoteWebDriver.java:552)
at org.openqa.selenium.remote.RemoteWebDriver.findElement(RemoteWebDriver.java:323)
at org.openqa.selenium.remote.RemoteWebDriver.findElementByXPath(RemoteWebDriver.java:428)
at org.openqa.selenium.By$ByXPath.findElement(By.java:353)
at org.openqa.selenium.remote.RemoteWebDriver.findElement(RemoteWebDriver.java:315)
at keywords.SettingChangePopup.clickSetting(SettingChangePopup.java:14)
at keywords.Settings.uKFinalExitDoorArming(Settings.java:1670)
at testcases.UploadAndDownload.UKFinalExitDoorArming(UploadAndDownload.java:1064)
at java.util.ArrayList.forEach(ArrayList.java:1259)
... Removed 30 stack frames]]>
    </failure>
  </testcase> <!-- UKFinalExitDoorArming -->
  <testcase name="AmbientNoiseDetectiondBThreshold" time="6.009" classname="testcases.UploadAndDownload">
    <failure type="org.openqa.selenium.NoSuchWindowException" message="no such window: target window already closed
from unknown error: web view not found
  (Session info: chrome=92.0.4515.107)
Build info: version: &amp;apos;3.141.59&amp;apos;, revision: &amp;apos;e82be7d358&amp;apos;, time: &amp;apos;2018-11-14T08:17:03&amp;apos;
System info: host: &amp;apos;ubuntu-Inspiron&amp;apos;, ip: &amp;apos;127.0.1.1&amp;apos;, os.name: &amp;apos;Linux&amp;apos;, os.arch: &amp;apos;amd64&amp;apos;, os.version: &amp;apos;5.4.0-91-generic&amp;apos;, java.version: &amp;apos;1.8.0_312&amp;apos;
Driver info: org.openqa.selenium.chrome.ChromeDriver
Capabilities {acceptInsecureCerts: false, browserName: chrome, browserVersion: 92.0.4515.107, chrome: {chromedriverVersion: 91.0.4472.101 (af52a90bf870..., userDataDir: /tmp/.com.google.Chrome.d6Gtv1}, goog:chromeOptions: {debuggerAddress: localhost:42731}, javascriptEnabled: true, networkConnectionEnabled: false, pageLoadStrategy: normal, platform: LINUX, platformName: LINUX, proxy: Proxy(), setWindowRect: true, strictFileInteractability: false, timeouts: {implicit: 0, pageLoad: 300000, script: 30000}, unhandledPromptBehavior: dismiss and notify, webauthn:extension:largeBlob: true, webauthn:virtualAuthenticators: true}
Session ID: 7b5328cf2bd0992532005073ead3e021
*** Element info: {Using=xpath, value=//span[text()=&amp;apos;Ambient Noise Detection dB Threshold&amp;apos;]/parent::span/parent::td/following-sibling::td[4]/button}">
      <![CDATA[org.openqa.selenium.NoSuchWindowException: no such window: target window already closed
from unknown error: web view not found
  (Session info: chrome=92.0.4515.107)
Build info: version: '3.141.59', revision: 'e82be7d358', time: '2018-11-14T08:17:03'
System info: host: 'ubuntu-Inspiron', ip: '127.0.1.1', os.name: 'Linux', os.arch: 'amd64', os.version: '5.4.0-91-generic', java.version: '1.8.0_312'
Driver info: org.openqa.selenium.chrome.ChromeDriver
Capabilities {acceptInsecureCerts: false, browserName: chrome, browserVersion: 92.0.4515.107, chrome: {chromedriverVersion: 91.0.4472.101 (af52a90bf870..., userDataDir: /tmp/.com.google.Chrome.d6Gtv1}, goog:chromeOptions: {debuggerAddress: localhost:42731}, javascriptEnabled: true, networkConnectionEnabled: false, pageLoadStrategy: normal, platform: LINUX, platformName: LINUX, proxy: Proxy(), setWindowRect: true, strictFileInteractability: false, timeouts: {implicit: 0, pageLoad: 300000, script: 30000}, unhandledPromptBehavior: dismiss and notify, webauthn:extension:largeBlob: true, webauthn:virtualAuthenticators: true}
Session ID: 7b5328cf2bd0992532005073ead3e021
*** Element info: {Using=xpath, value=//span[text()='Ambient Noise Detection dB Threshold']/parent::span/parent::td/following-sibling::td[4]/button}
at org.openqa.selenium.remote.http.W3CHttpResponseCodec.createException(W3CHttpResponseCodec.java:187)
at org.openqa.selenium.remote.http.W3CHttpResponseCodec.decode(W3CHttpResponseCodec.java:122)
at org.openqa.selenium.remote.http.W3CHttpResponseCodec.decode(W3CHttpResponseCodec.java:49)
at org.openqa.selenium.remote.HttpCommandExecutor.execute(HttpCommandExecutor.java:158)
at org.openqa.selenium.remote.service.DriverCommandExecutor.execute(DriverCommandExecutor.java:83)
at org.openqa.selenium.remote.RemoteWebDriver.execute(RemoteWebDriver.java:552)
at org.openqa.selenium.remote.RemoteWebDriver.findElement(RemoteWebDriver.java:323)
at org.openqa.selenium.remote.RemoteWebDriver.findElementByXPath(RemoteWebDriver.java:428)
at org.openqa.selenium.By$ByXPath.findElement(By.java:353)
at org.openqa.selenium.remote.RemoteWebDriver.findElement(RemoteWebDriver.java:315)
at keywords.SettingChangePopup.clickSetting(SettingChangePopup.java:14)
at keywords.Settings.ambientNoiseDetectiondBThreshold(Settings.java:1681)
at testcases.UploadAndDownload.AmbientNoiseDetectiondBThreshold(UploadAndDownload.java:1071)
at java.util.ArrayList.forEach(ArrayList.java:1259)
... Removed 30 stack frames]]>
    </failure>
  </testcase> <!-- AmbientNoiseDetectiondBThreshold -->
  <testcase name="NoiseDetectorDuration" time="6.01" classname="testcases.UploadAndDownload">
    <failure type="org.openqa.selenium.NoSuchWindowException" message="no such window: target window already closed
from unknown error: web view not found
  (Session info: chrome=92.0.4515.107)
Build info: version: &amp;apos;3.141.59&amp;apos;, revision: &amp;apos;e82be7d358&amp;apos;, time: &amp;apos;2018-11-14T08:17:03&amp;apos;
System info: host: &amp;apos;ubuntu-Inspiron&amp;apos;, ip: &amp;apos;127.0.1.1&amp;apos;, os.name: &amp;apos;Linux&amp;apos;, os.arch: &amp;apos;amd64&amp;apos;, os.version: &amp;apos;5.4.0-91-generic&amp;apos;, java.version: &amp;apos;1.8.0_312&amp;apos;
Driver info: org.openqa.selenium.chrome.ChromeDriver
Capabilities {acceptInsecureCerts: false, browserName: chrome, browserVersion: 92.0.4515.107, chrome: {chromedriverVersion: 91.0.4472.101 (af52a90bf870..., userDataDir: /tmp/.com.google.Chrome.d6Gtv1}, goog:chromeOptions: {debuggerAddress: localhost:42731}, javascriptEnabled: true, networkConnectionEnabled: false, pageLoadStrategy: normal, platform: LINUX, platformName: LINUX, proxy: Proxy(), setWindowRect: true, strictFileInteractability: false, timeouts: {implicit: 0, pageLoad: 300000, script: 30000}, unhandledPromptBehavior: dismiss and notify, webauthn:extension:largeBlob: true, webauthn:virtualAuthenticators: true}
Session ID: 7b5328cf2bd0992532005073ead3e021
*** Element info: {Using=xpath, value=//span[text()=&amp;apos;Noise Detector Duration&amp;apos;]/parent::span/parent::td/following-sibling::td[4]/button}">
      <![CDATA[org.openqa.selenium.NoSuchWindowException: no such window: target window already closed
from unknown error: web view not found
  (Session info: chrome=92.0.4515.107)
Build info: version: '3.141.59', revision: 'e82be7d358', time: '2018-11-14T08:17:03'
System info: host: 'ubuntu-Inspiron', ip: '127.0.1.1', os.name: 'Linux', os.arch: 'amd64', os.version: '5.4.0-91-generic', java.version: '1.8.0_312'
Driver info: org.openqa.selenium.chrome.ChromeDriver
Capabilities {acceptInsecureCerts: false, browserName: chrome, browserVersion: 92.0.4515.107, chrome: {chromedriverVersion: 91.0.4472.101 (af52a90bf870..., userDataDir: /tmp/.com.google.Chrome.d6Gtv1}, goog:chromeOptions: {debuggerAddress: localhost:42731}, javascriptEnabled: true, networkConnectionEnabled: false, pageLoadStrategy: normal, platform: LINUX, platformName: LINUX, proxy: Proxy(), setWindowRect: true, strictFileInteractability: false, timeouts: {implicit: 0, pageLoad: 300000, script: 30000}, unhandledPromptBehavior: dismiss and notify, webauthn:extension:largeBlob: true, webauthn:virtualAuthenticators: true}
Session ID: 7b5328cf2bd0992532005073ead3e021
*** Element info: {Using=xpath, value=//span[text()='Noise Detector Duration']/parent::span/parent::td/following-sibling::td[4]/button}
at org.openqa.selenium.remote.http.W3CHttpResponseCodec.createException(W3CHttpResponseCodec.java:187)
at org.openqa.selenium.remote.http.W3CHttpResponseCodec.decode(W3CHttpResponseCodec.java:122)
at org.openqa.selenium.remote.http.W3CHttpResponseCodec.decode(W3CHttpResponseCodec.java:49)
at org.openqa.selenium.remote.HttpCommandExecutor.execute(HttpCommandExecutor.java:158)
at org.openqa.selenium.remote.service.DriverCommandExecutor.execute(DriverCommandExecutor.java:83)
at org.openqa.selenium.remote.RemoteWebDriver.execute(RemoteWebDriver.java:552)
at org.openqa.selenium.remote.RemoteWebDriver.findElement(RemoteWebDriver.java:323)
at org.openqa.selenium.remote.RemoteWebDriver.findElementByXPath(RemoteWebDriver.java:428)
at org.openqa.selenium.By$ByXPath.findElement(By.java:353)
at org.openqa.selenium.remote.RemoteWebDriver.findElement(RemoteWebDriver.java:315)
at keywords.SettingChangePopup.clickSetting(SettingChangePopup.java:14)
at keywords.Settings.noiseDetectorDuration(Settings.java:1692)
at testcases.UploadAndDownload.NoiseDetectorDuration(UploadAndDownload.java:1078)
at java.util.ArrayList.forEach(ArrayList.java:1259)
... Removed 30 stack frames]]>
    </failure>
  </testcase> <!-- NoiseDetectorDuration -->
  <testcase name="NoiseDetectorPopup" time="6.01" classname="testcases.UploadAndDownload">
    <failure type="org.openqa.selenium.NoSuchWindowException" message="no such window: target window already closed
from unknown error: web view not found
  (Session info: chrome=92.0.4515.107)
Build info: version: &amp;apos;3.141.59&amp;apos;, revision: &amp;apos;e82be7d358&amp;apos;, time: &amp;apos;2018-11-14T08:17:03&amp;apos;
System info: host: &amp;apos;ubuntu-Inspiron&amp;apos;, ip: &amp;apos;127.0.1.1&amp;apos;, os.name: &amp;apos;Linux&amp;apos;, os.arch: &amp;apos;amd64&amp;apos;, os.version: &amp;apos;5.4.0-91-generic&amp;apos;, java.version: &amp;apos;1.8.0_312&amp;apos;
Driver info: org.openqa.selenium.chrome.ChromeDriver
Capabilities {acceptInsecureCerts: false, browserName: chrome, browserVersion: 92.0.4515.107, chrome: {chromedriverVersion: 91.0.4472.101 (af52a90bf870..., userDataDir: /tmp/.com.google.Chrome.d6Gtv1}, goog:chromeOptions: {debuggerAddress: localhost:42731}, javascriptEnabled: true, networkConnectionEnabled: false, pageLoadStrategy: normal, platform: LINUX, platformName: LINUX, proxy: Proxy(), setWindowRect: true, strictFileInteractability: false, timeouts: {implicit: 0, pageLoad: 300000, script: 30000}, unhandledPromptBehavior: dismiss and notify, webauthn:extension:largeBlob: true, webauthn:virtualAuthenticators: true}
Session ID: 7b5328cf2bd0992532005073ead3e021
*** Element info: {Using=xpath, value=//span[text()=&amp;apos;Noise Detector Popup&amp;apos;]/parent::span/parent::td/following-sibling::td[4]/button}">
      <![CDATA[org.openqa.selenium.NoSuchWindowException: no such window: target window already closed
from unknown error: web view not found
  (Session info: chrome=92.0.4515.107)
Build info: version: '3.141.59', revision: 'e82be7d358', time: '2018-11-14T08:17:03'
System info: host: 'ubuntu-Inspiron', ip: '127.0.1.1', os.name: 'Linux', os.arch: 'amd64', os.version: '5.4.0-91-generic', java.version: '1.8.0_312'
Driver info: org.openqa.selenium.chrome.ChromeDriver
Capabilities {acceptInsecureCerts: false, browserName: chrome, browserVersion: 92.0.4515.107, chrome: {chromedriverVersion: 91.0.4472.101 (af52a90bf870..., userDataDir: /tmp/.com.google.Chrome.d6Gtv1}, goog:chromeOptions: {debuggerAddress: localhost:42731}, javascriptEnabled: true, networkConnectionEnabled: false, pageLoadStrategy: normal, platform: LINUX, platformName: LINUX, proxy: Proxy(), setWindowRect: true, strictFileInteractability: false, timeouts: {implicit: 0, pageLoad: 300000, script: 30000}, unhandledPromptBehavior: dismiss and notify, webauthn:extension:largeBlob: true, webauthn:virtualAuthenticators: true}
Session ID: 7b5328cf2bd0992532005073ead3e021
*** Element info: {Using=xpath, value=//span[text()='Noise Detector Popup']/parent::span/parent::td/following-sibling::td[4]/button}
at org.openqa.selenium.remote.http.W3CHttpResponseCodec.createException(W3CHttpResponseCodec.java:187)
at org.openqa.selenium.remote.http.W3CHttpResponseCodec.decode(W3CHttpResponseCodec.java:122)
at org.openqa.selenium.remote.http.W3CHttpResponseCodec.decode(W3CHttpResponseCodec.java:49)
at org.openqa.selenium.remote.HttpCommandExecutor.execute(HttpCommandExecutor.java:158)
at org.openqa.selenium.remote.service.DriverCommandExecutor.execute(DriverCommandExecutor.java:83)
at org.openqa.selenium.remote.RemoteWebDriver.execute(RemoteWebDriver.java:552)
at org.openqa.selenium.remote.RemoteWebDriver.findElement(RemoteWebDriver.java:323)
at org.openqa.selenium.remote.RemoteWebDriver.findElementByXPath(RemoteWebDriver.java:428)
at org.openqa.selenium.By$ByXPath.findElement(By.java:353)
at org.openqa.selenium.remote.RemoteWebDriver.findElement(RemoteWebDriver.java:315)
at keywords.SettingChangePopup.clickSetting(SettingChangePopup.java:14)
at keywords.Settings.noiseDetectorPopup(Settings.java:1703)
at testcases.UploadAndDownload.NoiseDetectorPopup(UploadAndDownload.java:1085)
at java.util.ArrayList.forEach(ArrayList.java:1259)
... Removed 30 stack frames]]>
    </failure>
  </testcase> <!-- NoiseDetectorPopup -->
</testsuite> <!-- Test -->
